#
# A fatal error has been detected by the Java Runtime Environment:
#
#  SIGSEGV (0xb) at pc=0x00007fafecc33ddc, pid=25851, tid=140393562662656
#
# JRE version: 6.0_26-b03
# Java VM: Java HotSpot(TM) 64-Bit Server VM (20.1-b02 mixed mode linux-amd64 compressed oops)
# Problematic frame:
# C  [libGL.so.1+0x74ddc]  __float128+0x590c
#
# If you would like to submit a bug report, please visit:
#   http://java.sun.com/webapps/bugreport/crash.jsp
# The crash happened outside the Java Virtual Machine in native code.
# See problematic frame for where to report the bug.
#

---------------  T H R E A D  ---------------

Current thread (0x0000000042254800):  JavaThread "Java2D Queue Flusher" daemon [_thread_in_native, id=25876, stack(0x00007fafec5e6000,0x00007fafec6e7000)]

siginfo:si_signo=SIGSEGV: si_errno=0, si_code=1 (SEGV_MAPERR), si_addr=0x0000000042391068

Registers:
RAX=0x0000000042391000, RBX=0x000000004212f228, RCX=0x0000000000000000, RDX=0x0000000042255cb0
RSP=0x00007fafec6e54e0, RBP=0x000000004212f228, RSI=0x0000000000000000, RDI=0x000000004212f228
R8 =0x00007fafeceb5c80, R9 =0x0000000000006514, R10=0x00007fafef765b28, R11=0x0000000000000206
R12=0x000000004212f228, R13=0x0000000042054f10, R14=0x000000004206ab50, R15=0x0000000007400033
RIP=0x00007fafecc33ddc, EFLAGS=0x0000000000010202, CSGSFS=0x0000000000000033, ERR=0x0000000000000004
  TRAPNO=0x000000000000000e

Top of Stack: (sp=0x00007fafec6e54e0)
0x00007fafec6e54e0:   000000004212f201 000000004212f228
0x00007fafec6e54f0:   000000004212f228 00007fafecc397c5
0x00007fafec6e5500:   00007fafec6e5550 0000000100000000
0x00007fafec6e5510:   0000000007400033 00007fff1601f8ec
0x00007fafec6e5520:   00007faff517bfe5 0000000000000000
0x00007fafec6e5530:   00007fafe42b9ea0 0000000042192c28
0x00007fafec6e5540:   0000000000002e3e 00007faff46de9c8
0x00007fafec6e5550:   00007fafec6e5580 00007faff46ae6a6
0x00007fafec6e5560:   0000000042254800 0000000042303b78
0x00007fafec6e5570:   00007fafec6e55d0 00007fafe42b9ee0
0x00007fafec6e5580:   00000000420f7c30 00000000422549d0
0x00007fafec6e5590:   00007fafee05fe00 000000004218b380
0x00007fafec6e55a0:   00000000422549d0 00007fafedf4d690
0x00007fafec6e55b0:   00007fafe42b9ee0 00007fafe42b9ee0
0x00007fafec6e55c0:   00000000422549d0 00007fafedf43cef
0x00007fafec6e55d0:   00007fafe42b9ee0 000000004218ade8
0x00007fafec6e55e0:   00007fafe42b9ee0 00007fafedf47b9e
0x00007fafec6e55f0:   0000000000000000 0100000041e82318
0x00007fafec6e5600:   00007fafec6e5690 00007fafec6e5690
0x00007fafec6e5610:   0000000042254800 000000000000023b
0x00007fafec6e5620:   00000000422552e0 0000000000000002
0x00007fafec6e5630:   0000000000000bad 00000000dbfdb358
0x00007fafec6e5640:   00007fafec6e56d8 0000000000000000
0x00007fafec6e5650:   00000000dbfdb358 00007fafec6e5710
0x00007fafec6e5660:   0000000042254800 00007fafef765b55
0x00007fafec6e5670:   0000000042254800 0000000000000064
0x00007fafec6e5680:   0000000000000064 0000000042254800
0x00007fafec6e5690:   00007fafec6e56c0 00007fafec6e5698
0x00007fafec6e56a0:   0000000000000000 00007fafec6e5710
0x00007fafec6e56b0:   00000000dbfdce30 0000000000000000
0x00007fafec6e56c0:   00000000dbfdb358 0000000000000000
0x00007fafec6e56d0:   00007fafec6e56f8 00007fafec6e5758 

Instructions: (pc=0x00007fafecc33ddc)
0x00007fafecc33dbc:   89 c3 e8 bd ff ff ff 85 c0 75 6b 8b 83 84 08 00
0x00007fafecc33dcc:   00 85 c0 74 61 48 8b 83 c8 08 00 00 48 8b 40 40
0x00007fafecc33ddc:   48 8b 68 68 48 85 ed 74 60 4c 8b 25 4c ee 25 00
0x00007fafecc33dec:   48 89 eb 90 49 8b 04 24 48 89 df ff 90 30 05 00 

Register to memory mapping:

RAX=0x0000000042391000 is an unknown value
RBX=0x000000004212f228 is an unknown value
RCX=0x0000000000000000 is an unknown value
RDX=0x0000000042255cb0 is an unknown value
RSP=0x00007fafec6e54e0 is pointing into the stack for thread: 0x0000000042254800
RBP=0x000000004212f228 is an unknown value
RSI=0x0000000000000000 is an unknown value
RDI=0x000000004212f228 is an unknown value
R8 =0x00007fafeceb5c80: <offset 0x2f6c80> in /usr/lib/nvidia-current/libGL.so.1 at 0x00007fafecbbf000
R9 =0x0000000000006514 is an unknown value
R10=0x00007fafef765b28 is an Interpreter codelet
method entry point (kind = native)  [0x00007fafef765680, 0x00007fafef766480]  3584 bytes
R11=0x0000000000000206 is an unknown value
R12=0x000000004212f228 is an unknown value
R13=0x0000000042054f10 is an unknown value
R14=0x000000004206ab50 is an unknown value
R15=0x0000000007400033 is an unknown value


Stack: [0x00007fafec5e6000,0x00007fafec6e7000],  sp=0x00007fafec6e54e0,  free space=1021k
Native frames: (J=compiled Java code, j=interpreted, Vv=VM code, C=native code)
C  [libGL.so.1+0x74ddc]  __float128+0x590c

Java frames: (J=compiled Java code, j=interpreted, Vv=VM code)
j  sun.java2d.opengl.OGLRenderQueue.flushBuffer(JI)V+0
j  sun.java2d.opengl.OGLRenderQueue.flushBuffer()V+21
j  sun.java2d.opengl.OGLRenderQueue.access$100(Lsun/java2d/opengl/OGLRenderQueue;)V+1
j  sun.java2d.opengl.OGLRenderQueue$QueueFlusher.run()V+81
v  ~StubRoutines::call_stub

---------------  P R O C E S S  ---------------

Java Threads: ( => current thread )
  0x0000000041d85000 JavaThread "XToolkit-Shutdown-Thread" [_thread_blocked, id=26079, stack(0x00007fafe4bbb000,0x00007fafe4cbc000)]
  0x00007fafe824e000 JavaThread "SIGTERM handler" daemon [_thread_blocked, id=26077, stack(0x00007fafee63e000,0x00007fafee73f000)]
  0x00007fafe3ed6800 JavaThread "TimerQueue" daemon [_thread_blocked, id=26002, stack(0x00007fafe3cba000,0x00007fafe3dbb000)]
  0x0000000041fec000 JavaThread "Thread-5" [_thread_blocked, id=25953, stack(0x00007fafe4fbc000,0x00007fafe50bd000)]
  0x0000000041d3d000 JavaThread "Timer-0" daemon [_thread_blocked, id=25952, stack(0x00007fafe54c7000,0x00007fafe55c8000)]
  0x0000000041cef000 JavaThread "DestroyJavaVM" [_thread_blocked, id=25857, stack(0x00007faff3c47000,0x00007faff3d48000)]
  0x000000004222e000 JavaThread "AWT-EventQueue-0" [_thread_blocked, id=25879, stack(0x00007fafe57e7000,0x00007fafe58e8000)]
  0x000000004222c000 JavaThread "AWT-Shutdown" [_thread_blocked, id=25878, stack(0x00007fafe58e8000,0x00007fafe59e9000)]
  0x0000000042171800 JavaThread "AWT-XAWT" daemon [_thread_blocked, id=25877, stack(0x00007fafe59e9000,0x00007fafe5aea000)]
=>0x0000000042254800 JavaThread "Java2D Queue Flusher" daemon [_thread_in_native, id=25876, stack(0x00007fafec5e6000,0x00007fafec6e7000)]
  0x00007fafe80e0000 JavaThread "Java2D Disposer" daemon [_thread_blocked, id=25875, stack(0x00007fafec6e7000,0x00007fafec7e8000)]
  0x00007fafe8004000 JavaThread "Low Memory Detector" daemon [_thread_blocked, id=25873, stack(0x00007fafee33b000,0x00007fafee43c000)]
  0x00007fafe8001000 JavaThread "C2 CompilerThread1" daemon [_thread_blocked, id=25872, stack(0x00007fafee43c000,0x00007fafee53d000)]
  0x0000000041d92000 JavaThread "C2 CompilerThread0" daemon [_thread_blocked, id=25871, stack(0x00007fafee53d000,0x00007fafee63e000)]
  0x0000000041d82800 JavaThread "JDWP Event Helper Thread" daemon [_thread_blocked, id=25868, stack(0x00007fafee73f000,0x00007fafee840000)]
  0x0000000041d7f000 JavaThread "JDWP Transport Listener: dt_socket" daemon [_thread_in_native, id=25867, stack(0x00007fafee840000,0x00007fafee941000)]
  0x0000000041d72800 JavaThread "Signal Dispatcher" daemon [_thread_blocked, id=25863, stack(0x00007fafeea45000,0x00007fafeeb46000)]
  0x0000000041d51800 JavaThread "Finalizer" daemon [_thread_blocked, id=25862, stack(0x00007fafeeb46000,0x00007fafeec47000)]
  0x0000000041d4f800 JavaThread "Reference Handler" daemon [_thread_blocked, id=25861, stack(0x00007fafeec47000,0x00007fafeed48000)]

Other Threads:
  0x0000000041d49000 VMThread [stack: 0x00007fafeed48000,0x00007fafeee49000] [id=25860]
  0x00007fafe800e800 WatcherThread [stack: 0x00007fafee23a000,0x00007fafee33b000] [id=25874]

VM state:not at safepoint (normal execution)

VM Mutex/Monitor currently owned by a thread: None

Heap
 PSYoungGen      total 59712K, used 23646K [0x00000000f5960000, 0x00000000f9c00000, 0x0000000100000000)
  eden space 51200K, 29% used [0x00000000f5960000,0x00000000f682f470,0x00000000f8b60000)
  from space 8512K, 99% used [0x00000000f8b60000,0x00000000f93a8578,0x00000000f93b0000)
  to   space 8512K, 0% used [0x00000000f93b0000,0x00000000f93b0000,0x00000000f9c00000)
 PSOldGen        total 136576K, used 1577K [0x00000000e0c00000, 0x00000000e9160000, 0x00000000f5960000)
  object space 136576K, 1% used [0x00000000e0c00000,0x00000000e0d8a700,0x00000000e9160000)
 PSPermGen       total 21248K, used 20912K [0x00000000dba00000, 0x00000000dcec0000, 0x00000000e0c00000)
  object space 21248K, 98% used [0x00000000dba00000,0x00000000dce6c0f0,0x00000000dcec0000)

Code Cache  [0x00007fafef74f000, 0x00007fafef9bf000, 0x00007faff274f000)
 total_blobs=899 nmethods=427 adapters=434 free_code_cache=48655040 largest_free_block=20736

Dynamic libraries:
40000000-40009000 r-xp 00000000 08:05 360242                             /usr/lib/jvm/java-6-sun-1.6.0.26/jre/bin/java
40108000-4010a000 rwxp 00008000 08:05 360242                             /usr/lib/jvm/java-6-sun-1.6.0.26/jre/bin/java
41ce3000-42391000 rwxp 00000000 00:00 0                                  [heap]
dba00000-dcec0000 rwxp 00000000 00:00 0 
dcec0000-e0c00000 rwxp 00000000 00:00 0 
e0c00000-e9160000 rwxp 00000000 00:00 0 
e9160000-f5960000 rwxp 00000000 00:00 0 
f5960000-f9c00000 rwxp 00000000 00:00 0 
f9c00000-100000000 rwxp 00000000 00:00 0 
7fafe331d000-7fafe381d000 rwxp 00000000 00:00 0 
7fafe381d000-7fafe3a1d000 rwxs 55f77000 00:05 9104                       /dev/nvidia0
7fafe3cba000-7fafe3cbd000 ---p 00000000 00:00 0 
7fafe3cbd000-7fafe4bbb000 rwxp 00000000 00:00 0 
7fafe4bbb000-7fafe4bbe000 ---p 00000000 00:00 0 
7fafe4bbe000-7fafe4fbc000 rwxp 00000000 00:00 0 
7fafe4fbc000-7fafe4fbf000 ---p 00000000 00:00 0 
7fafe4fbf000-7fafe50bd000 rwxp 00000000 00:00 0 
7fafe50bd000-7fafe50c0000 ---p 00000000 00:00 0 
7fafe50c0000-7fafe51be000 rwxp 00000000 00:00 0 
7fafe51be000-7fafe51c6000 r-xp 00000000 08:05 3061                       /usr/lib/x86_64-linux-gnu/libXrandr.so.2.2.0
7fafe51c6000-7fafe53c5000 ---p 00008000 08:05 3061                       /usr/lib/x86_64-linux-gnu/libXrandr.so.2.2.0
7fafe53c5000-7fafe53c6000 r-xp 00007000 08:05 3061                       /usr/lib/x86_64-linux-gnu/libXrandr.so.2.2.0
7fafe53c6000-7fafe53c7000 rwxp 00008000 08:05 3061                       /usr/lib/x86_64-linux-gnu/libXrandr.so.2.2.0
7fafe53c7000-7fafe54c7000 rwxp 00000000 00:00 0 
7fafe54c7000-7fafe54ca000 ---p 00000000 00:00 0 
7fafe54ca000-7fafe55c8000 rwxp 00000000 00:00 0 
7fafe55c8000-7fafe55cf000 r-xp 00000000 08:05 360318                     /usr/lib/jvm/java-6-sun-1.6.0.26/jre/lib/amd64/libnio.so
7fafe55cf000-7fafe56ce000 ---p 00007000 08:05 360318                     /usr/lib/jvm/java-6-sun-1.6.0.26/jre/lib/amd64/libnio.so
7fafe56ce000-7fafe56d0000 rwxp 00006000 08:05 360318                     /usr/lib/jvm/java-6-sun-1.6.0.26/jre/lib/amd64/libnio.so
7fafe56d0000-7fafe56e3000 r-xp 00000000 08:05 360329                     /usr/lib/jvm/java-6-sun-1.6.0.26/jre/lib/amd64/libnet.so
7fafe56e3000-7fafe57e4000 ---p 00013000 08:05 360329                     /usr/lib/jvm/java-6-sun-1.6.0.26/jre/lib/amd64/libnet.so
7fafe57e4000-7fafe57e7000 rwxp 00014000 08:05 360329                     /usr/lib/jvm/java-6-sun-1.6.0.26/jre/lib/amd64/libnet.so
7fafe57e7000-7fafe57ea000 ---p 00000000 00:00 0 
7fafe57ea000-7fafe58e8000 rwxp 00000000 00:00 0 
7fafe58e8000-7fafe58eb000 ---p 00000000 00:00 0 
7fafe58eb000-7fafe59e9000 rwxp 00000000 00:00 0 
7fafe59e9000-7fafe59ec000 ---p 00000000 00:00 0 
7fafe59ec000-7fafe5aea000 rwxp 00000000 00:00 0 
7fafe5aea000-7fafe5aef000 r-xp 00000000 08:05 26878                      /usr/lib/x86_64-linux-gnu/libXfixes.so.3.1.0
7fafe5aef000-7fafe5cee000 ---p 00005000 08:05 26878                      /usr/lib/x86_64-linux-gnu/libXfixes.so.3.1.0
7fafe5cee000-7fafe5cef000 r-xp 00004000 08:05 26878                      /usr/lib/x86_64-linux-gnu/libXfixes.so.3.1.0
7fafe5cef000-7fafe5cf0000 rwxp 00005000 08:05 26878                      /usr/lib/x86_64-linux-gnu/libXfixes.so.3.1.0
7fafe5cf0000-7fafe5cf9000 r-xp 00000000 08:05 1093                       /usr/lib/x86_64-linux-gnu/libXrender.so.1.3.0
7fafe5cf9000-7fafe5ef9000 ---p 00009000 08:05 1093                       /usr/lib/x86_64-linux-gnu/libXrender.so.1.3.0
7fafe5ef9000-7fafe5efa000 r-xp 00009000 08:05 1093                       /usr/lib/x86_64-linux-gnu/libXrender.so.1.3.0
7fafe5efa000-7fafe5efb000 rwxp 0000a000 08:05 1093                       /usr/lib/x86_64-linux-gnu/libXrender.so.1.3.0
7fafe5efb000-7fafe5f04000 r-xp 00000000 08:05 7133                       /usr/lib/x86_64-linux-gnu/libXcursor.so.1.0.2
7fafe5f04000-7fafe6103000 ---p 00009000 08:05 7133                       /usr/lib/x86_64-linux-gnu/libXcursor.so.1.0.2
7fafe6103000-7fafe6104000 r-xp 00008000 08:05 7133                       /usr/lib/x86_64-linux-gnu/libXcursor.so.1.0.2
7fafe6104000-7fafe6105000 rwxp 00009000 08:05 7133                       /usr/lib/x86_64-linux-gnu/libXcursor.so.1.0.2
7fafe6105000-7fafe6106000 r-xs 00000000 08:08 5443                       /var/cache/fontconfig/26de28bc8622bbc1fb67fd234c21975f-le64.cache-3
7fafe6106000-7fafe6107000 r-xs 00000000 08:08 11962                      /var/cache/fontconfig/c05880de57d1f5e948fdfacc138775d9-le64.cache-3
7fafe6107000-7fafe6110000 r-xs 00000000 08:08 5548                       /var/cache/fontconfig/945677eb7aeaf62f1d50efc3fb3ec7d8-le64.cache-3
7fafe6110000-7fafe6114000 r-xs 00000000 08:08 11754                      /var/cache/fontconfig/99e8ed0e538f840c565b6ed5dad60d56-le64.cache-3
7fafe6114000-7fafe6117000 r-xs 00000000 08:08 11741                      /var/cache/fontconfig/e383d7ea5fbe662a33d9b44caf393297-le64.cache-3
7fafe6117000-7fafe611e000 r-xs 00000000 08:08 11622                      /var/cache/fontconfig/401a5dd6b567794a1d18dd9342dfa604-le64.cache-3
7fafe611e000-7fafe6120000 r-xs 00000000 08:08 11524                      /var/cache/fontconfig/2cd17615ca594fa2959ae173292e504c-le64.cache-3
7fafe6120000-7fafe6121000 r-xs 00000000 08:08 10518                      /var/cache/fontconfig/e7071f4a29fa870f4323321c154eba04-le64.cache-3
7fafe6121000-7fafe6125000 r-xs 00000000 08:08 10228                      /var/cache/fontconfig/6eb3985aa4124903f6ff08ba781cd364-le64.cache-3
7fafe6125000-7fafe6126000 r-xs 00000000 08:08 9941                       /var/cache/fontconfig/4c73fe0c47614734b17d736dbde7580a-le64.cache-3
7fafe6126000-7fafe6127000 r-xs 00000000 08:08 9818                       /var/cache/fontconfig/0d8c3b2ac0904cb8a57a757ad11a4a08-le64.cache-3
7fafe6127000-7fafe6128000 r-xs 00000000 08:08 9758                       /var/cache/fontconfig/6a53c69dea097a2d716e069445527da8-le64.cache-3
7fafe6128000-7fafe612e000 r-xs 00000000 08:08 8426                       /var/cache/fontconfig/a755afe4a08bf5b97852ceb7400b47bc-le64.cache-3
7fafe612e000-7fafe612f000 r-xs 00000000 08:08 8345                       /var/cache/fontconfig/5a76b20910bc01daa5b6abd117531ab8-le64.cache-3
7fafe612f000-7fafe6134000 r-xs 00000000 08:08 8209                       /var/cache/fontconfig/515ca1ebc4b18308bea979be5704f9db-le64.cache-3
7fafe6134000-7fafe613d000 r-xs 00000000 08:08 8200                       /var/cache/fontconfig/6d41288fd70b0be22e8c3a91e032eec0-le64.cache-3
7fafe613d000-7fafe614d000 r-xs 00000000 08:08 8086                       /var/cache/fontconfig/0f34bcd4b6ee430af32735b75db7f02b-le64.cache-3
7fafe614d000-7fafe6150000 r-xs 00000000 08:08 8063                       /var/cache/fontconfig/d60319d88cac85ba9e1a07bd06cfbb8c-le64.cache-3
7fafe6150000-7fafe6151000 r-xs 00000000 08:08 15515                      /var/cache/fontconfig/4794a0821666d79190d59a36cb4f44b5-le64.cache-3
7fafe6151000-7fafe617f000 r-xs 00000000 08:08 7965                       /var/cache/fontconfig/365b55f210c0a22e9a19e35191240f32-le64.cache-3
7fafe617f000-7fafe6189000 r-xs 00000000 08:08 7964                       /var/cache/fontconfig/d52a8644073d54c13679302ca1180695-le64.cache-3
7fafe61b3000-7fafe63b3000 rwxs 1e3a1000 00:05 9104                       /dev/nvidia0
7fafe63b3000-7fafe7801000 r-xp 00000000 08:05 2912                       /usr/lib/nvidia-current/libnvidia-glcore.so.270.41.06
7fafe7801000-7fafe7a01000 ---p 0144e000 08:05 2912                       /usr/lib/nvidia-current/libnvidia-glcore.so.270.41.06
7fafe7a01000-7fafe7fe9000 rwxp 0144e000 08:05 2912                       /usr/lib/nvidia-current/libnvidia-glcore.so.270.41.06
7fafe7fe9000-7fafe8000000 rwxp 00000000 00:00 0 
7fafe8000000-7fafe9892000 rwxp 00000000 00:00 0 
7fafe9892000-7fafec000000 ---p 00000000 00:00 0 
7fafec076000-7fafec0f6000 rwxs 5af45000 00:05 9104                       /dev/nvidia0
7fafec0f6000-7fafec0fe000 r-xs 00115000 08:05 360420                     /usr/lib/jvm/java-6-sun-1.6.0.26/jre/lib/resources.jar
7fafec0fe000-7fafec102000 rwxs 1e3cd000 00:05 9104                       /dev/nvidia0
7fafec102000-7fafec202000 rwxs 20dfd000 00:05 9104                       /dev/nvidia0
7fafec202000-7fafec206000 rwxs 5599d000 00:05 9104                       /dev/nvidia0
7fafec206000-7fafec207000 rwxs d0008000 00:05 9104                       /dev/nvidia0
7fafec207000-7fafec208000 rwxs 34563000 00:05 9104                       /dev/nvidia0
7fafec208000-7fafec20c000 rwxs 66155000 00:05 9104                       /dev/nvidia0
7fafec20c000-7fafec24c000 rwxs 906f3000 00:05 9104                       /dev/nvidia0
7fafec26c000-7fafec26d000 rwxs fdc0e000 00:05 9104                       /dev/nvidia0
7fafec26d000-7fafec2ad000 rwxs 1e135000 00:05 9104                       /dev/nvidia0
7fafec2ad000-7fafec2cd000 rwxs 1e70b000 00:05 9104                       /dev/nvidia0
7fafec2cd000-7fafec487000 rwxp 00000000 00:00 0 
7fafec552000-7fafec56d000 rwxs 1369e0000 00:05 9104                      /dev/nvidia0
7fafec56d000-7fafec5e6000 rwxp 00000000 00:00 0 
7fafec5e6000-7fafec5e9000 ---p 00000000 00:00 0 
7fafec5e9000-7fafec6e7000 rwxp 00000000 00:00 0 
7fafec6e7000-7fafec6ea000 ---p 00000000 00:00 0 
7fafec6ea000-7fafec7e8000 rwxp 00000000 00:00 0 
7fafec7e8000-7fafec861000 r-xp 00000000 08:05 360344                     /usr/lib/jvm/java-6-sun-1.6.0.26/jre/lib/amd64/libfontmanager.so
7fafec861000-7fafec960000 ---p 00079000 08:05 360344                     /usr/lib/jvm/java-6-sun-1.6.0.26/jre/lib/amd64/libfontmanager.so
7fafec960000-7fafec975000 rwxp 00078000 08:05 360344                     /usr/lib/jvm/java-6-sun-1.6.0.26/jre/lib/amd64/libfontmanager.so
7fafec975000-7fafec9bd000 rwxp 00000000 00:00 0 
7fafec9bd000-7fafec9be000 r-xp 00000000 08:05 2809                       /usr/lib/nvidia-current/tls/libnvidia-tls.so.270.41.06
7fafec9be000-7fafecbbe000 ---p 00001000 08:05 2809                       /usr/lib/nvidia-current/tls/libnvidia-tls.so.270.41.06
7fafecbbe000-7fafecbbf000 rwxp 00001000 08:05 2809                       /usr/lib/nvidia-current/tls/libnvidia-tls.so.270.41.06
7fafecbbf000-7fafecc7c000 r-xp 00000000 08:05 2869                       /usr/lib/nvidia-current/libGL.so.270.41.06
7fafecc7c000-7fafece7c000 ---p 000bd000 08:05 2869                       /usr/lib/nvidia-current/libGL.so.270.41.06
7fafece7c000-7fafeceb5000 rwxp 000bd000 08:05 2869                       /usr/lib/nvidia-current/libGL.so.270.41.06
7fafeceb5000-7fafececb000 rwxp 00000000 00:00 0 
7fafececd000-7fafecece000 rwxs fd060000 00:05 9104                       /dev/nvidia0
7fafecece000-7fafececf000 rwxs fdc10000 00:05 9104                       /dev/nvidia0
7fafececf000-7fafeced0000 rwxs fd641000 00:05 9104                       /dev/nvidia0
7fafeced0000-7fafeced1000 rwxs 136913000 00:05 9104                      /dev/nvidia0
7fafeced1000-7fafecee4000 r-xs 00000000 08:08 16244                      /var/cache/fontconfig/e13b20fdb08344e0e664864cc2ede53d-le64.cache-3
7fafecee4000-7fafecee8000 r-xs 00000000 08:08 2408                       /var/cache/fontconfig/7ef2298fde41cc6eeb7af42e48b7d293-le64.cache-3
7fafecee8000-7fafecefc000 r-xs 00000000 08:08 16275                      /var/cache/fontconfig/865f88548240fee46819705c6468c165-le64.cache-3
7fafecefc000-7fafecf27000 r-xp 00000000 08:05 48261                      /usr/share/locale-langpack/ru/LC_MESSAGES/libc.mo
7fafecf27000-7fafecf28000 r-xp 00000000 08:05 79041                      /usr/share/locale-langpack/uk/LC_MESSAGES/libc.mo
7fafecf28000-7fafecf3e000 r-xs 00132000 08:0b 797740                     /home/atom/workspace/jPogiEngine/jars/geotools/gt-main-2.7.4.jar
7fafecf3e000-7fafecf41000 r-xs 00023000 08:0b 797802                     /home/atom/workspace/jPogiEngine/jars/geotools/jdom-1.0.jar
7fafecf41000-7fafecf4f000 r-xs 000f6000 08:0b 797745                     /home/atom/workspace/jPogiEngine/jars/geotools/gt-referencing-2.7.4.jar
7fafecf4f000-7fafecf58000 r-xs 0006f000 08:0b 797741                     /home/atom/workspace/jPogiEngine/jars/geotools/gt-metadata-2.7.4.jar
7fafecf58000-7fafecf65000 r-xs 00043000 08:0b 797742                     /home/atom/workspace/jPogiEngine/jars/geotools/gt-opengis-2.7.4.jar
7fafecf65000-7fafecf6a000 r-xp 00000000 08:05 117950                     /usr/lib/x86_64-linux-gnu/libXdmcp.so.6.0.0
7fafecf6a000-7fafed169000 ---p 00005000 08:05 117950                     /usr/lib/x86_64-linux-gnu/libXdmcp.so.6.0.0
7fafed169000-7fafed16a000 r-xp 00004000 08:05 117950                     /usr/lib/x86_64-linux-gnu/libXdmcp.so.6.0.0
7fafed16a000-7fafed16b000 rwxp 00005000 08:05 117950                     /usr/lib/x86_64-linux-gnu/libXdmcp.so.6.0.0
7fafed16b000-7fafed16d000 r-xp 00000000 08:05 80494                      /usr/lib/x86_64-linux-gnu/libXau.so.6.0.0
7fafed16d000-7fafed36c000 ---p 00002000 08:05 80494                      /usr/lib/x86_64-linux-gnu/libXau.so.6.0.0
7fafed36c000-7fafed36d000 r-xp 00001000 08:05 80494                      /usr/lib/x86_64-linux-gnu/libXau.so.6.0.0
7fafed36d000-7fafed36e000 rwxp 00002000 08:05 80494                      /usr/lib/x86_64-linux-gnu/libXau.so.6.0.0
7fafed36e000-7fafed389000 r-xp 00000000 08:05 118025                     /usr/lib/x86_64-linux-gnu/libxcb.so.1.1.0
7fafed389000-7fafed588000 ---p 0001b000 08:05 118025                     /usr/lib/x86_64-linux-gnu/libxcb.so.1.1.0
7fafed588000-7fafed589000 r-xp 0001a000 08:05 118025                     /usr/lib/x86_64-linux-gnu/libxcb.so.1.1.0
7fafed589000-7fafed58a000 rwxp 0001b000 08:05 118025                     /usr/lib/x86_64-linux-gnu/libxcb.so.1.1.0
7fafed58a000-7fafed599000 r-xp 00000000 08:05 33272                      /usr/lib/x86_64-linux-gnu/libXi.so.6.1.0
7fafed599000-7fafed798000 ---p 0000f000 08:05 33272                      /usr/lib/x86_64-linux-gnu/libXi.so.6.1.0
7fafed798000-7fafed799000 r-xp 0000e000 08:05 33272                      /usr/lib/x86_64-linux-gnu/libXi.so.6.1.0
7fafed799000-7fafed79a000 rwxp 0000f000 08:05 33272                      /usr/lib/x86_64-linux-gnu/libXi.so.6.1.0
7fafed79a000-7fafed79f000 r-xp 00000000 08:05 33963                      /usr/lib/libXtst.so.6.1.0
7fafed79f000-7fafed99e000 ---p 00005000 08:05 33963                      /usr/lib/libXtst.so.6.1.0
7fafed99e000-7fafed99f000 r-xp 00004000 08:05 33963                      /usr/lib/libXtst.so.6.1.0
7fafed99f000-7fafed9a0000 rwxp 00005000 08:05 33963                      /usr/lib/libXtst.so.6.1.0
7fafed9a0000-7fafedad5000 r-xp 00000000 08:05 33717                      /usr/lib/x86_64-linux-gnu/libX11.so.6.3.0
7fafedad5000-7fafedcd5000 ---p 00135000 08:05 33717                      /usr/lib/x86_64-linux-gnu/libX11.so.6.3.0
7fafedcd5000-7fafedcd6000 r-xp 00135000 08:05 33717                      /usr/lib/x86_64-linux-gnu/libX11.so.6.3.0
7fafedcd6000-7fafedcda000 rwxp 00136000 08:05 33717                      /usr/lib/x86_64-linux-gnu/libX11.so.6.3.0
7fafedcda000-7fafedceb000 r-xp 00000000 08:05 20360                      /usr/lib/x86_64-linux-gnu/libXext.so.6.4.0
7fafedceb000-7fafedeea000 ---p 00011000 08:05 20360                      /usr/lib/x86_64-linux-gnu/libXext.so.6.4.0
7fafedeea000-7fafedeeb000 r-xp 00010000 08:05 20360                      /usr/lib/x86_64-linux-gnu/libXext.so.6.4.0
7fafedeeb000-7fafedeec000 rwxp 00011000 08:05 20360                      /usr/lib/x86_64-linux-gnu/libXext.so.6.4.0
7fafedeec000-7fafedef1000 r-xs 0001b000 08:0b 797706                     /home/atom/workspace/jPogiEngine/jars/geotools/gt-api-2.7.4.jar
7fafedef1000-7fafedf04000 r-xs 001bc000 08:0b 797799                     /home/atom/workspace/jPogiEngine/jars/geotools/jai_core-1.1.3.jar
7fafedf04000-7fafedf07000 r-xs 00014000 08:0b 797806                     /home/atom/workspace/jPogiEngine/jars/geotools/jsr-275-1.0-beta-2.jar
7fafedf07000-7fafedf1d000 r-xs 00110000 08:0b 797828                     /home/atom/workspace/jPogiEngine/jars/geotools/xercesImpl-2.7.1.jar
7fafedf1d000-7fafedf5f000 r-xp 00000000 08:05 360333                     /usr/lib/jvm/java-6-sun-1.6.0.26/jre/lib/amd64/xawt/libmawt.so
7fafedf5f000-7fafee05e000 ---p 00042000 08:05 360333                     /usr/lib/jvm/java-6-sun-1.6.0.26/jre/lib/amd64/xawt/libmawt.so
7fafee05e000-7fafee06a000 rwxp 00041000 08:05 360333                     /usr/lib/jvm/java-6-sun-1.6.0.26/jre/lib/amd64/xawt/libmawt.so
7fafee06a000-7fafee06b000 rwxp 00000000 00:00 0 
7fafee06b000-7fafee0fd000 r-xp 00000000 08:05 360355                     /usr/lib/jvm/java-6-sun-1.6.0.26/jre/lib/amd64/libawt.so
7fafee0fd000-7fafee1fc000 ---p 00092000 08:05 360355                     /usr/lib/jvm/java-6-sun-1.6.0.26/jre/lib/amd64/libawt.so
7fafee1fc000-7fafee216000 rwxp 00091000 08:05 360355                     /usr/lib/jvm/java-6-sun-1.6.0.26/jre/lib/amd64/libawt.so
7fafee216000-7fafee23a000 rwxp 00000000 00:00 0 
7fafee23a000-7fafee23b000 ---p 00000000 00:00 0 
7fafee23b000-7fafee33b000 rwxp 00000000 00:00 0 
7fafee33b000-7fafee33e000 ---p 00000000 00:00 0 
7fafee33e000-7fafee43c000 rwxp 00000000 00:00 0 
7fafee43c000-7fafee43f000 ---p 00000000 00:00 0 
7fafee43f000-7fafee53d000 rwxp 00000000 00:00 0 
7fafee53d000-7fafee540000 ---p 00000000 00:00 0 
7fafee540000-7fafee63e000 rwxp 00000000 00:00 0 
7fafee63e000-7fafee641000 ---p 00000000 00:00 0 
7fafee641000-7fafee73f000 rwxp 00000000 00:00 0 
7fafee73f000-7fafee742000 ---p 00000000 00:00 0 
7fafee742000-7fafee840000 rwxp 00000000 00:00 0 
7fafee840000-7fafee843000 ---p 00000000 00:00 0 
7fafee843000-7fafee941000 rwxp 00000000 00:00 0 
7fafee941000-7fafee944000 r-xp 00000000 08:05 360316                     /usr/lib/jvm/java-6-sun-1.6.0.26/jre/lib/amd64/libdt_socket.so
7fafee944000-7fafeea43000 ---p 00003000 08:05 360316                     /usr/lib/jvm/java-6-sun-1.6.0.26/jre/lib/amd64/libdt_socket.so
7fafeea43000-7fafeea45000 rwxp 00002000 08:05 360316                     /usr/lib/jvm/java-6-sun-1.6.0.26/jre/lib/amd64/libdt_socket.so
7fafeea45000-7fafeea48000 ---p 00000000 00:00 0 
7fafeea48000-7fafeeb46000 rwxp 00000000 00:00 0 
7fafeeb46000-7fafeeb49000 ---p 00000000 00:00 0 
7fafeeb49000-7fafeec47000 rwxp 00000000 00:00 0 
7fafeec47000-7fafeec4a000 ---p 00000000 00:00 0 
7fafeec4a000-7fafeed48000 rwxp 00000000 00:00 0 
7fafeed48000-7fafeed49000 ---p 00000000 00:00 0 
7fafeed49000-7fafef180000 rwxp 00000000 00:00 0 
7fafef180000-7fafef318000 r-xs 03029000 08:05 360423                     /usr/lib/jvm/java-6-sun-1.6.0.26/jre/lib/rt.jar
7fafef318000-7fafef340000 rwxp 00000000 00:00 0 
7fafef340000-7fafef341000 ---p 00000000 00:00 0 
7fafef341000-7fafef441000 rwxp 00000000 00:00 0 
7fafef441000-7fafef442000 ---p 00000000 00:00 0 
7fafef442000-7fafef54d000 rwxp 00000000 00:00 0 
7fafef54d000-7fafef56b000 rwxp 00000000 00:00 0 
7fafef56b000-7fafef576000 rwxp 00000000 00:00 0 
7fafef576000-7fafef594000 rwxp 00000000 00:00 0 
7fafef594000-7fafef5d7000 rwxp 00000000 00:00 0 
7fafef5d7000-7fafef63a000 rwxp 00000000 00:00 0 
7fafef63a000-7fafef65c000 rwxp 00000000 00:00 0 
7fafef65c000-7fafef68e000 rwxp 00000000 00:00 0 
7fafef68e000-7fafef699000 rwxp 00000000 00:00 0 
7fafef699000-7fafef74f000 rwxp 00000000 00:00 0 
7fafef74f000-7fafef9bf000 rwxp 00000000 00:00 0 
7fafef9bf000-7faff274f000 rwxp 00000000 00:00 0 
7faff274f000-7faff275d000 r-xp 00000000 08:05 360350                     /usr/lib/jvm/java-6-sun-1.6.0.26/jre/lib/amd64/libzip.so
7faff275d000-7faff285f000 ---p 0000e000 08:05 360350                     /usr/lib/jvm/java-6-sun-1.6.0.26/jre/lib/amd64/libzip.so
7faff285f000-7faff2862000 rwxp 00010000 08:05 360350                     /usr/lib/jvm/java-6-sun-1.6.0.26/jre/lib/amd64/libzip.so
7faff2862000-7faff2863000 rwxp 00000000 00:00 0 
7faff2863000-7faff286f000 r-xp 00000000 08:03 10563                      /lib/x86_64-linux-gnu/libnss_files-2.13.so
7faff286f000-7faff2a6e000 ---p 0000c000 08:03 10563                      /lib/x86_64-linux-gnu/libnss_files-2.13.so
7faff2a6e000-7faff2a6f000 r-xp 0000b000 08:03 10563                      /lib/x86_64-linux-gnu/libnss_files-2.13.so
7faff2a6f000-7faff2a70000 rwxp 0000c000 08:03 10563                      /lib/x86_64-linux-gnu/libnss_files-2.13.so
7faff2a70000-7faff2a7b000 r-xp 00000000 08:03 10565                      /lib/x86_64-linux-gnu/libnss_nis-2.13.so
7faff2a7b000-7faff2c7a000 ---p 0000b000 08:03 10565                      /lib/x86_64-linux-gnu/libnss_nis-2.13.so
7faff2c7a000-7faff2c7b000 r-xp 0000a000 08:03 10565                      /lib/x86_64-linux-gnu/libnss_nis-2.13.so
7faff2c7b000-7faff2c7c000 rwxp 0000b000 08:03 10565                      /lib/x86_64-linux-gnu/libnss_nis-2.13.so
7faff2c7c000-7faff2c84000 r-xp 00000000 08:03 10561                      /lib/x86_64-linux-gnu/libnss_compat-2.13.so
7faff2c84000-7faff2e83000 ---p 00008000 08:03 10561                      /lib/x86_64-linux-gnu/libnss_compat-2.13.so
7faff2e83000-7faff2e84000 r-xp 00007000 08:03 10561                      /lib/x86_64-linux-gnu/libnss_compat-2.13.so
7faff2e84000-7faff2e85000 rwxp 00008000 08:03 10561                      /lib/x86_64-linux-gnu/libnss_compat-2.13.so
7faff2e85000-7faff33a5000 r-xp 00000000 08:05 145                        /usr/lib/locale/locale-archive
7faff33a5000-7faff33a8000 r-xp 00000000 08:05 360339                     /usr/lib/jvm/java-6-sun-1.6.0.26/jre/lib/amd64/libnpt.so
7faff33a8000-7faff34a7000 ---p 00003000 08:05 360339                     /usr/lib/jvm/java-6-sun-1.6.0.26/jre/lib/amd64/libnpt.so
7faff34a7000-7faff34a8000 rwxp 00002000 08:05 360339                     /usr/lib/jvm/java-6-sun-1.6.0.26/jre/lib/amd64/libnpt.so
7faff34a8000-7faff34de000 r-xp 00000000 08:05 360338                     /usr/lib/jvm/java-6-sun-1.6.0.26/jre/lib/amd64/libjdwp.so
7faff34de000-7faff35dd000 ---p 00036000 08:05 360338                     /usr/lib/jvm/java-6-sun-1.6.0.26/jre/lib/amd64/libjdwp.so
7faff35dd000-7faff35e7000 rwxp 00035000 08:05 360338                     /usr/lib/jvm/java-6-sun-1.6.0.26/jre/lib/amd64/libjdwp.so
7faff35e7000-7faff35fe000 r-xp 00000000 08:03 10560                      /lib/x86_64-linux-gnu/libnsl-2.13.so
7faff35fe000-7faff37fd000 ---p 00017000 08:03 10560                      /lib/x86_64-linux-gnu/libnsl-2.13.so
7faff37fd000-7faff37fe000 r-xp 00016000 08:03 10560                      /lib/x86_64-linux-gnu/libnsl-2.13.so
7faff37fe000-7faff37ff000 rwxp 00017000 08:03 10560                      /lib/x86_64-linux-gnu/libnsl-2.13.so
7faff37ff000-7faff3801000 rwxp 00000000 00:00 0 
7faff3801000-7faff382a000 r-xp 00000000 08:05 360349                     /usr/lib/jvm/java-6-sun-1.6.0.26/jre/lib/amd64/libjava.so
7faff382a000-7faff3929000 ---p 00029000 08:05 360349                     /usr/lib/jvm/java-6-sun-1.6.0.26/jre/lib/amd64/libjava.so
7faff3929000-7faff3930000 rwxp 00028000 08:05 360349                     /usr/lib/jvm/java-6-sun-1.6.0.26/jre/lib/amd64/libjava.so
7faff3930000-7faff393d000 r-xp 00000000 08:05 360328                     /usr/lib/jvm/java-6-sun-1.6.0.26/jre/lib/amd64/libverify.so
7faff393d000-7faff3a3c000 ---p 0000d000 08:05 360328                     /usr/lib/jvm/java-6-sun-1.6.0.26/jre/lib/amd64/libverify.so
7faff3a3c000-7faff3a3f000 rwxp 0000c000 08:05 360328                     /usr/lib/jvm/java-6-sun-1.6.0.26/jre/lib/amd64/libverify.so
7faff3a3f000-7faff3a46000 r-xp 00000000 08:03 10570                      /lib/x86_64-linux-gnu/librt-2.13.so
7faff3a46000-7faff3c45000 ---p 00007000 08:03 10570                      /lib/x86_64-linux-gnu/librt-2.13.so
7faff3c45000-7faff3c46000 r-xp 00006000 08:03 10570                      /lib/x86_64-linux-gnu/librt-2.13.so
7faff3c46000-7faff3c47000 rwxp 00007000 08:03 10570                      /lib/x86_64-linux-gnu/librt-2.13.so
7faff3c47000-7faff3c4a000 ---p 00000000 00:00 0 
7faff3c4a000-7faff3d48000 rwxp 00000000 00:00 0 
7faff3d48000-7faff3dcc000 r-xp 00000000 08:03 10558                      /lib/x86_64-linux-gnu/libm-2.13.so
7faff3dcc000-7faff3fcb000 ---p 00084000 08:03 10558                      /lib/x86_64-linux-gnu/libm-2.13.so
7faff3fcb000-7faff3fcc000 r-xp 00083000 08:03 10558                      /lib/x86_64-linux-gnu/libm-2.13.so
7faff3fcc000-7faff3fcd000 rwxp 00084000 08:03 10558                      /lib/x86_64-linux-gnu/libm-2.13.so
7faff3fcd000-7faff48e7000 r-xp 00000000 08:05 360352                     /usr/lib/jvm/java-6-sun-1.6.0.26/jre/lib/amd64/server/libjvm.so
7faff48e7000-7faff49e9000 ---p 0091a000 08:05 360352                     /usr/lib/jvm/java-6-sun-1.6.0.26/jre/lib/amd64/server/libjvm.so
7faff49e9000-7faff4b9e000 rwxp 0091c000 08:05 360352                     /usr/lib/jvm/java-6-sun-1.6.0.26/jre/lib/amd64/server/libjvm.so
7faff4b9e000-7faff4bd8000 rwxp 00000000 00:00 0 
7faff4bd8000-7faff4d62000 r-xp 00000000 08:03 7822                       /lib/x86_64-linux-gnu/libc-2.13.so
7faff4d62000-7faff4f61000 ---p 0018a000 08:03 7822                       /lib/x86_64-linux-gnu/libc-2.13.so
7faff4f61000-7faff4f65000 r-xp 00189000 08:03 7822                       /lib/x86_64-linux-gnu/libc-2.13.so
7faff4f65000-7faff4f66000 rwxp 0018d000 08:03 7822                       /lib/x86_64-linux-gnu/libc-2.13.so
7faff4f66000-7faff4f6c000 rwxp 00000000 00:00 0 
7faff4f6c000-7faff4f6e000 r-xp 00000000 08:03 10557                      /lib/x86_64-linux-gnu/libdl-2.13.so
7faff4f6e000-7faff516e000 ---p 00002000 08:03 10557                      /lib/x86_64-linux-gnu/libdl-2.13.so
7faff516e000-7faff516f000 r-xp 00002000 08:03 10557                      /lib/x86_64-linux-gnu/libdl-2.13.so
7faff516f000-7faff5170000 rwxp 00003000 08:03 10557                      /lib/x86_64-linux-gnu/libdl-2.13.so
7faff5170000-7faff5188000 r-xp 00000000 08:03 10568                      /lib/x86_64-linux-gnu/libpthread-2.13.so
7faff5188000-7faff5388000 ---p 00018000 08:03 10568                      /lib/x86_64-linux-gnu/libpthread-2.13.so
7faff5388000-7faff5389000 r-xp 00018000 08:03 10568                      /lib/x86_64-linux-gnu/libpthread-2.13.so
7faff5389000-7faff538a000 rwxp 00019000 08:03 10568                      /lib/x86_64-linux-gnu/libpthread-2.13.so
7faff538a000-7faff538e000 rwxp 00000000 00:00 0 
7faff538e000-7faff53af000 r-xp 00000000 08:03 7332                       /lib/x86_64-linux-gnu/ld-2.13.so
7faff53af000-7faff53b0000 rwxs a4c47000 00:05 9104                       /dev/nvidia0
7faff53b0000-7faff53b3000 r-xs 00015000 08:0b 797697                     /home/atom/workspace/jPogiEngine/jars/geotools/commons-pool-1.5.4.jar
7faff53b3000-7faff53b5000 r-xs 0003b000 08:0b 797826                     /home/atom/workspace/jPogiEngine/jars/geotools/vecmath-1.3.2.jar
7faff53b5000-7faff53c4000 r-xs 0009f000 08:0b 797809                     /home/atom/workspace/jPogiEngine/jars/geotools/jts-1.11.jar
7faff53c4000-7faff53c6000 r-xs 0000d000 08:0b 735327                     /home/atom/workspace/jPogiEngine/jars/commons-logging-1.1.1.jar
7faff53c6000-7faff5409000 rwxp 00000000 00:00 0 
7faff5409000-7faff546d000 rwxp 00000000 00:00 0 
7faff546d000-7faff5470000 rwxp 00000000 00:00 0 
7faff5470000-7faff5477000 r-xp 00000000 08:05 360325                     /usr/lib/jvm/java-6-sun-1.6.0.26/jre/lib/amd64/jli/libjli.so
7faff5477000-7faff5578000 ---p 00007000 08:05 360325                     /usr/lib/jvm/java-6-sun-1.6.0.26/jre/lib/amd64/jli/libjli.so
7faff5578000-7faff557a000 rwxp 00008000 08:05 360325                     /usr/lib/jvm/java-6-sun-1.6.0.26/jre/lib/amd64/jli/libjli.so
7faff557a000-7faff557b000 rwxp 00000000 00:00 0 
7faff557b000-7faff5580000 r-xs 00041000 08:0b 732481                     /home/atom/workspace/jPogiEngine/jars/commons-lang-2.6.jar
7faff5580000-7faff5587000 r-xs 0004f000 08:0b 732434                     /home/atom/workspace/jPogiEngine/jars/commons-configuration-1.7.jar
7faff5587000-7faff558d000 r-xs 00048000 08:0b 732011                     /home/atom/workspace/jPogiEngine/jars/commons-lang3-3.1.jar
7faff558d000-7faff559a000 r-xs 0007c000 08:0b 743649                     /home/atom/workspace/jPogiEngine/jars/commons-collections-3.1.jar
7faff559a000-7faff55a0000 r-xs 00075000 08:0b 138909                     /home/atom/workspace/jPogiEngine/jars/postgresql-9.0-801.jdbc3.jar
7faff55a0000-7faff55a2000 r-xs 00014000 08:0b 138641                     /home/atom/workspace/jPogiEngine/jars/postgis_1.5.3.jar
7faff55a2000-7faff55aa000 rwxs 00000000 08:0a 5330                       /tmp/hsperfdata_atom/25851
7faff55aa000-7faff55ab000 rwxp 00000000 00:00 0 
7faff55ab000-7faff55ac000 r-xp 00000000 00:00 0 
7faff55ac000-7faff55ae000 rwxp 00000000 00:00 0 
7faff55ae000-7faff55af000 r-xp 00020000 08:03 7332                       /lib/x86_64-linux-gnu/ld-2.13.so
7faff55af000-7faff55b1000 rwxp 00021000 08:03 7332                       /lib/x86_64-linux-gnu/ld-2.13.so
7fff1695b000-7fff1697c000 rwxp 00000000 00:00 0                          [stack]
7fff169ff000-7fff16a00000 r-xp 00000000 00:00 0                          [vdso]
ffffffffff600000-ffffffffff601000 r-xp 00000000 00:00 0                  [vsyscall]

VM Arguments:
jvm_args: -agentlib:jdwp=transport=dt_socket,suspend=y,address=localhost:55715 -Dsun.java2d.opengl=True -Dsun.java2d.opengl.fbobject=false -Dsun.java2d.pmoffscreen=false -Xms200m -Xmx500m -Dfile.encoding=UTF-8 
java_command: ua.com.ifno.pogi.SimplePogiTest
Launcher Type: SUN_STANDARD

Environment Variables:
JAVA_HOME=/usr/lib/jvm/java-6-sun
PATH=/usr/local/sbin:/usr/local/bin:/usr/sbin:/usr/bin:/sbin:/bin:/usr/games
USERNAME=atom
LD_LIBRARY_PATH=/usr/lib/jvm/java-6-sun-1.6.0.26/jre/lib/amd64/server:/usr/lib/jvm/java-6-sun-1.6.0.26/jre/lib/amd64:/usr/lib/jvm/java-6-sun-1.6.0.26/jre/../lib/amd64:/opt/java/64/jdk1.6.0_29/jre/lib/amd64/server:/opt/java/64/jdk1.6.0_29/jre/lib/amd64:/opt/java/64/jdk1.6.0_29/jre/../lib/amd64
SHELL=/bin/bash
DISPLAY=:0

Signal Handlers:
SIGSEGV: [libjvm.so+0x85f800], sa_mask[0]=0x7ffbfeff, sa_flags=0x10000004
SIGBUS: [libjvm.so+0x85f800], sa_mask[0]=0x7ffbfeff, sa_flags=0x10000004
SIGFPE: [libjvm.so+0x70e300], sa_mask[0]=0x7ffbfeff, sa_flags=0x10000004
SIGPIPE: [libjvm.so+0x70e300], sa_mask[0]=0x7ffbfeff, sa_flags=0x10000004
SIGXFSZ: [libjvm.so+0x70e300], sa_mask[0]=0x7ffbfeff, sa_flags=0x10000004
SIGILL: [libjvm.so+0x70e300], sa_mask[0]=0x7ffbfeff, sa_flags=0x10000004
SIGUSR1: SIG_DFL, sa_mask[0]=0x00000000, sa_flags=0x00000000
SIGUSR2: [libjvm.so+0x711110], sa_mask[0]=0x00000004, sa_flags=0x10000004
SIGHUP: [libjvm.so+0x710d10], sa_mask[0]=0x7ffbfeff, sa_flags=0x10000004
SIGINT: [libjvm.so+0x710d10], sa_mask[0]=0x7ffbfeff, sa_flags=0x10000004
SIGTERM: [libjvm.so+0x710d10], sa_mask[0]=0x7ffbfeff, sa_flags=0x10000004
SIGQUIT: [libjvm.so+0x710d10], sa_mask[0]=0x7ffbfeff, sa_flags=0x10000004


---------------  S Y S T E M  ---------------

OS:squeeze/sid

uname:Linux 2.6.38-13-generic #53-Ubuntu SMP Mon Nov 28 19:33:45 UTC 2011 x86_64
libc:glibc 2.13 NPTL 2.13 
rlimit: STACK 8192k, CORE 0k, NPROC infinity, NOFILE 4096, AS infinity
load average:0,11 0,11 0,07

/proc/meminfo:
MemTotal:        4058752 kB
MemFree:           50292 kB
Buffers:          174260 kB
Cached:           587572 kB
SwapCached:        29228 kB
Active:          2120188 kB
Inactive:         874928 kB
Active(anon):    1688856 kB
Inactive(anon):   569820 kB
Active(file):     431332 kB
Inactive(file):   305108 kB
Unevictable:           0 kB
Mlocked:               0 kB
SwapTotal:       8224764 kB
SwapFree:        8058828 kB
Dirty:               936 kB
Writeback:             0 kB
AnonPages:       2207616 kB
Mapped:           847516 kB
Shmem:             25300 kB
Slab:             104424 kB
SReclaimable:      75092 kB
SUnreclaim:        29332 kB
KernelStack:        4664 kB
PageTables:        39704 kB
NFS_Unstable:          0 kB
Bounce:                0 kB
WritebackTmp:          0 kB
CommitLimit:    10254140 kB
Committed_AS:    5589864 kB
VmallocTotal:   34359738367 kB
VmallocUsed:      378504 kB
VmallocChunk:   34359354904 kB
HardwareCorrupted:     0 kB
HugePages_Total:       0
HugePages_Free:        0
HugePages_Rsvd:        0
HugePages_Surp:        0
Hugepagesize:       2048 kB
DirectMap4k:     1789568 kB
DirectMap2M:     2404352 kB


CPU:total 2 (2 cores per cpu, 1 threads per core) family 6 model 23 stepping 10, cmov, cx8, fxsr, mmx, sse, sse2, sse3, ssse3, sse4.1

/proc/cpuinfo:
processor	: 0
vendor_id	: GenuineIntel
cpu family	: 6
model		: 23
model name	: Intel(R) Core(TM)2 Duo CPU     E7500  @ 2.93GHz
stepping	: 10
cpu MHz		: 2136.000
cache size	: 3072 KB
physical id	: 0
siblings	: 2
core id		: 0
cpu cores	: 2
apicid		: 0
initial apicid	: 0
fpu		: yes
fpu_exception	: yes
cpuid level	: 13
wp		: yes
flags		: fpu vme de pse tsc msr pae mce cx8 apic sep mtrr pge mca cmov pat pse36 clflush dts acpi mmx fxsr sse sse2 ss ht tm pbe syscall nx lm constant_tsc arch_perfmon pebs bts rep_good nopl aperfmperf pni dtes64 monitor ds_cpl vmx est tm2 ssse3 cx16 xtpr pdcm sse4_1 xsave lahf_lm dts tpr_shadow vnmi flexpriority
bogomips	: 5866.57
clflush size	: 64
cache_alignment	: 64
address sizes	: 36 bits physical, 48 bits virtual
power management:

processor	: 1
vendor_id	: GenuineIntel
cpu family	: 6
model		: 23
model name	: Intel(R) Core(TM)2 Duo CPU     E7500  @ 2.93GHz
stepping	: 10
cpu MHz		: 2936.000
cache size	: 3072 KB
physical id	: 0
siblings	: 2
core id		: 1
cpu cores	: 2
apicid		: 1
initial apicid	: 1
fpu		: yes
fpu_exception	: yes
cpuid level	: 13
wp		: yes
flags		: fpu vme de pse tsc msr pae mce cx8 apic sep mtrr pge mca cmov pat pse36 clflush dts acpi mmx fxsr sse sse2 ss ht tm pbe syscall nx lm constant_tsc arch_perfmon pebs bts rep_good nopl aperfmperf pni dtes64 monitor ds_cpl vmx est tm2 ssse3 cx16 xtpr pdcm sse4_1 xsave lahf_lm dts tpr_shadow vnmi flexpriority
bogomips	: 5866.61
clflush size	: 64
cache_alignment	: 64
address sizes	: 36 bits physical, 48 bits virtual
power management:



Memory: 4k page, physical 4058752k(50292k free), swap 8224764k(8058828k free)

vm_info: Java HotSpot(TM) 64-Bit Server VM (20.1-b02) for linux-amd64 JRE (1.6.0_26-b03), built on May  4 2011 01:13:47 by "java_re" with gcc 3.2.2 (SuSE Linux)

time: Fri Jan 20 10:24:01 2012
elapsed time: 192 seconds

