#
# A fatal error has been detected by the Java Runtime Environment:
#
#  SIGSEGV (0xb) at pc=0x00007ffb554d5ddc, pid=2246, tid=140717439092480
#
# JRE version: 6.0_26-b03
# Java VM: Java HotSpot(TM) 64-Bit Server VM (20.1-b02 mixed mode linux-amd64 compressed oops)
# Problematic frame:
# C  [libGL.so.1+0x74ddc]  __float128+0x590c
#
# If you would like to submit a bug report, please visit:
#   http://java.sun.com/webapps/bugreport/crash.jsp
# The crash happened outside the Java Virtual Machine in native code.
# See problematic frame for where to report the bug.
#

---------------  T H R E A D  ---------------

Current thread (0x00007ffb5020a800):  JavaThread "Java2D Queue Flusher" daemon [_thread_in_native, id=2273, stack(0x00007ffb54e88000,0x00007ffb54f89000)]

siginfo:si_signo=SIGSEGV: si_errno=0, si_code=1 (SEGV_MAPERR), si_addr=0x0000000040f1a068

Registers:
RAX=0x0000000040f1a000, RBX=0x00000000413b8f88, RCX=0x0000000000000000, RDX=0x0000000041259820
RSP=0x00007ffb54f87890, RBP=0x00000000413b8f88, RSI=0x0000000000000000, RDI=0x00000000413b8f88
R8 =0x00007ffb55757c80, R9 =0x00000000000008e1, R10=0x00007ffb5805b0d8, R11=0x0000000000000206
R12=0x00000000413b8f88, R13=0x00007ffb500f8830, R14=0x00007ffb50106c00, R15=0x0000000005a00005
RIP=0x00007ffb554d5ddc, EFLAGS=0x0000000000010202, CSGSFS=0x0000000000000033, ERR=0x0000000000000004
  TRAPNO=0x000000000000000e

Top of Stack: (sp=0x00007ffb54f87890)
0x00007ffb54f87890:   00000000413b8f01 00000000413b8f88
0x00007ffb54f878a0:   00000000413b8f88 00007ffb554db7c5
0x00007ffb54f878b0:   00007ffb5020a800 0000000100000000
0x00007ffb54f878c0:   0000000005a00005 0000000000010002
0x00007ffb54f878d0:   0000000000000bad 0000000000000bad
0x00007ffb54f878e0:   00007ffb5020a800 00007ffb50260600
0x00007ffb54f878f0:   0000000200000001 0000000000000000
0x00007ffb54f87900:   0000000000000000 00000000410a1898
0x00007ffb54f87910:   00007ffb5020a800 0000000000000064
0x00007ffb54f87920:   0000000000000064 0000000041267d00
0x00007ffb54f87930:   00007ffb50258850 00007ffb56898e00
0x00007ffb54f87940:   00000000f8b88250 00007ffb50258860
0x00007ffb54f87950:   00007ffb5020a9d0 00007ffb56786540
0x00007ffb54f87960:   00007ffb54f879f0 00007ffb567865e2
0x00007ffb54f87970:   000000004125b820 00007ffb56780bde
0x00007ffb54f87980:   00007ffb00000005 00007ffb5020a800
0x00007ffb54f87990:   0000000000000001 00007ffb5020b450
0x00007ffb54f879a0:   00007ffb54f87900 00000000dbc28d5d
0x00007ffb54f879b0:   00007ffb5020a800 00000000dbc2a510
0x00007ffb54f879c0:   00007ffb5020a800 00000000f5ca13c8
0x00007ffb54f879d0:   00007ffb54f87a40 0000000000000000
0x00007ffb54f879e0:   00000000f8b88250 00007ffb54f87a40
0x00007ffb54f879f0:   00007ffb5020a800 00007ffb5805b14a
0x00007ffb54f87a00:   00000000f8b88178 00007ffb54f87a40
0x00007ffb54f87a10:   00000000dbdd97f0 0000000000000000
0x00007ffb54f87a20:   00000000dbdcf698 0000000000000000
0x00007ffb54f87a30:   00007ffb54f87a50 00000000f5ca12f0
0x00007ffb54f87a40:   00000000f8b88178 00007ffb5803cc18
0x00007ffb54f87a50:   00000000f8b882c0 00000000f8b882c4
0x00007ffb54f87a60:   00000000f8b88250 00000000f8b882c8
0x00007ffb54f87a70:   0000002000000000 00000000f8b88250
0x00007ffb54f87a80:   00000000f8b882c0 00000000f8b882cc 

Instructions: (pc=0x00007ffb554d5ddc)
0x00007ffb554d5dbc:   89 c3 e8 bd ff ff ff 85 c0 75 6b 8b 83 84 08 00
0x00007ffb554d5dcc:   00 85 c0 74 61 48 8b 83 c8 08 00 00 48 8b 40 40
0x00007ffb554d5ddc:   48 8b 68 68 48 85 ed 74 60 4c 8b 25 4c ee 25 00
0x00007ffb554d5dec:   48 89 eb 90 49 8b 04 24 48 89 df ff 90 30 05 00 

Register to memory mapping:

RAX=0x0000000040f1a000 is an unknown value
RBX=0x00000000413b8f88 is an unknown value
RCX=0x0000000000000000 is an unknown value
RDX=0x0000000041259820 is an unknown value
RSP=0x00007ffb54f87890 is pointing into the stack for thread: 0x00007ffb5020a800
RBP=0x00000000413b8f88 is an unknown value
RSI=0x0000000000000000 is an unknown value
RDI=0x00000000413b8f88 is an unknown value
R8 =0x00007ffb55757c80: <offset 0x2f6c80> in /usr/lib/nvidia-current/libGL.so.1 at 0x00007ffb55461000
R9 =0x00000000000008e1 is an unknown value
R10=0x00007ffb5805af10 [CodeBlob (0x00007ffb5805af10)]
Framesize: 10
R11=0x0000000000000206 is an unknown value
R12=0x00000000413b8f88 is an unknown value
R13=0x00007ffb500f8830 is an unknown value
R14=0x00007ffb50106c00 is an unknown value
R15=0x0000000005a00005 is an unknown value


Stack: [0x00007ffb54e88000,0x00007ffb54f89000],  sp=0x00007ffb54f87890,  free space=1022k
Native frames: (J=compiled Java code, j=interpreted, Vv=VM code, C=native code)
C  [libGL.so.1+0x74ddc]  __float128+0x590c

Java frames: (J=compiled Java code, j=interpreted, Vv=VM code)
J  sun.java2d.opengl.OGLRenderQueue.flushBuffer(JI)V
J  sun.java2d.opengl.OGLRenderQueue$QueueFlusher.run()V
v  ~StubRoutines::call_stub

---------------  P R O C E S S  ---------------

Java Threads: ( => current thread )
  0x00007ffb505b0800 JavaThread "SIGTERM handler" daemon [_thread_blocked, id=2327, stack(0x00007ffb56e77000,0x00007ffb56f78000)]
  0x00007ffb50ebe800 JavaThread "TimerQueue" daemon [_thread_blocked, id=2300, stack(0x00007ffb4cd65000,0x00007ffb4ce66000)]
  0x00007ffb4d5c4000 JavaThread "Thread-5" [_thread_blocked, id=2284, stack(0x00007ffb4d1cf000,0x00007ffb4d2d0000)]
  0x00007ffb4d6ab800 JavaThread "Timer-0" daemon [_thread_in_native, id=2283, stack(0x00007ffb4d952000,0x00007ffb4da53000)]
  0x00007ffb50328800 JavaThread "DestroyJavaVM" [_thread_blocked, id=2251, stack(0x00007ffb5c480000,0x00007ffb5c581000)]
  0x00007ffb50327000 JavaThread "AWT-EventQueue-0" [_thread_blocked, id=2276, stack(0x00007ffb4e0ac000,0x00007ffb4e1ad000)]
  0x00007ffb50325800 JavaThread "AWT-Shutdown" [_thread_blocked, id=2275, stack(0x00007ffb540fc000,0x00007ffb541fd000)]
  0x00007ffb50324000 JavaThread "AWT-XAWT" daemon [_thread_in_native, id=2274, stack(0x00007ffb5475c000,0x00007ffb5485d000)]
=>0x00007ffb5020a800 JavaThread "Java2D Queue Flusher" daemon [_thread_in_native, id=2273, stack(0x00007ffb54e88000,0x00007ffb54f89000)]
  0x00007ffb50126800 JavaThread "Java2D Disposer" daemon [_thread_blocked, id=2272, stack(0x00007ffb54f89000,0x00007ffb5508a000)]
  0x000000004109d800 JavaThread "Low Memory Detector" daemon [_thread_blocked, id=2270, stack(0x00007ffb56b74000,0x00007ffb56c75000)]
  0x000000004109b800 JavaThread "C2 CompilerThread1" daemon [_thread_blocked, id=2269, stack(0x00007ffb56c75000,0x00007ffb56d76000)]
  0x0000000041097800 JavaThread "C2 CompilerThread0" daemon [_thread_blocked, id=2268, stack(0x00007ffb56d76000,0x00007ffb56e77000)]
  0x0000000041088000 JavaThread "JDWP Event Helper Thread" daemon [_thread_blocked, id=2263, stack(0x00007ffb56f78000,0x00007ffb57079000)]
  0x0000000041084800 JavaThread "JDWP Transport Listener: dt_socket" daemon [_thread_in_native, id=2260, stack(0x00007ffb57079000,0x00007ffb5717a000)]
  0x0000000041078000 JavaThread "Signal Dispatcher" daemon [_thread_blocked, id=2258, stack(0x00007ffb5727e000,0x00007ffb5737f000)]
  0x0000000041057000 JavaThread "Finalizer" daemon [_thread_blocked, id=2257, stack(0x00007ffb5737f000,0x00007ffb57480000)]
  0x0000000041055000 JavaThread "Reference Handler" daemon [_thread_blocked, id=2256, stack(0x00007ffb57480000,0x00007ffb57581000)]

Other Threads:
  0x000000004104e800 VMThread [stack: 0x00007ffb57581000,0x00007ffb57682000] [id=2255]
  0x00007ffb5000a800 WatcherThread [stack: 0x00007ffb56a73000,0x00007ffb56b74000] [id=2271]

VM state:not at safepoint (normal execution)

VM Mutex/Monitor currently owned by a thread: None

Heap
 PSYoungGen      total 59712K, used 12164K [0x00000000f5960000, 0x00000000f9c00000, 0x0000000100000000)
  eden space 51200K, 7% used [0x00000000f5960000,0x00000000f5cf7230,0x00000000f8b60000)
  from space 8512K, 99% used [0x00000000f8b60000,0x00000000f93aa090,0x00000000f93b0000)
  to   space 8512K, 0% used [0x00000000f93b0000,0x00000000f93b0000,0x00000000f9c00000)
 PSOldGen        total 136576K, used 1665K [0x00000000e0c00000, 0x00000000e9160000, 0x00000000f5960000)
  object space 136576K, 1% used [0x00000000e0c00000,0x00000000e0da0780,0x00000000e9160000)
 PSPermGen       total 21248K, used 20490K [0x00000000dba00000, 0x00000000dcec0000, 0x00000000e0c00000)
  object space 21248K, 96% used [0x00000000dba00000,0x00000000dce02bf0,0x00000000dcec0000)

Code Cache  [0x00007ffb57f88000, 0x00007ffb581f8000, 0x00007ffb5af88000)
 total_blobs=686 nmethods=200 adapters=448 free_code_cache=49276800 largest_free_block=13952

Dynamic libraries:
40000000-40009000 r-xp 00000000 08:05 360242                             /usr/lib/jvm/java-6-sun-1.6.0.26/jre/bin/java
40108000-4010a000 rwxp 00008000 08:05 360242                             /usr/lib/jvm/java-6-sun-1.6.0.26/jre/bin/java
40fe9000-418a9000 rwxp 00000000 00:00 0                                  [heap]
dba00000-dcec0000 rwxp 00000000 00:00 0 
dcec0000-e0c00000 rwxp 00000000 00:00 0 
e0c00000-e9160000 rwxp 00000000 00:00 0 
e9160000-f5960000 rwxp 00000000 00:00 0 
f5960000-f9c00000 rwxp 00000000 00:00 0 
f9c00000-100000000 rwxp 00000000 00:00 0 
7ffb4cb64000-7ffb4cc64000 rwxp 00000000 00:00 0 
7ffb4cc64000-7ffb4cc67000 ---p 00000000 00:00 0 
7ffb4cc67000-7ffb4cd65000 rwxp 00000000 00:00 0 
7ffb4cd65000-7ffb4cd68000 ---p 00000000 00:00 0 
7ffb4cd68000-7ffb4ce66000 rwxp 00000000 00:00 0 
7ffb4ce66000-7ffb4ce69000 ---p 00000000 00:00 0 
7ffb4ce69000-7ffb4cf67000 rwxp 00000000 00:00 0 
7ffb4d1cf000-7ffb4d1d2000 ---p 00000000 00:00 0 
7ffb4d1d2000-7ffb4d6d0000 rwxp 00000000 00:00 0 
7ffb4d6d0000-7ffb4d6d3000 ---p 00000000 00:00 0 
7ffb4d6d3000-7ffb4d7d1000 rwxp 00000000 00:00 0 
7ffb4d7d1000-7ffb4d851000 rwxs 9b17a000 00:05 9322                       /dev/nvidia0
7ffb4d952000-7ffb4d955000 ---p 00000000 00:00 0 
7ffb4d955000-7ffb4da53000 rwxp 00000000 00:00 0 
7ffb4da53000-7ffb4da69000 r-xp 00000000 08:05 360332                     /usr/lib/jvm/java-6-sun-1.6.0.26/jre/lib/amd64/libdcpr.so
7ffb4da69000-7ffb4db6b000 ---p 00016000 08:05 360332                     /usr/lib/jvm/java-6-sun-1.6.0.26/jre/lib/amd64/libdcpr.so
7ffb4db6b000-7ffb4db83000 rwxp 00018000 08:05 360332                     /usr/lib/jvm/java-6-sun-1.6.0.26/jre/lib/amd64/libdcpr.so
7ffb4db83000-7ffb4db86000 ---p 00000000 00:00 0 
7ffb4db86000-7ffb4dc84000 rwxp 00000000 00:00 0 
7ffb4dc84000-7ffb4dc8c000 r-xp 00000000 08:05 3061                       /usr/lib/x86_64-linux-gnu/libXrandr.so.2.2.0
7ffb4dc8c000-7ffb4de8b000 ---p 00008000 08:05 3061                       /usr/lib/x86_64-linux-gnu/libXrandr.so.2.2.0
7ffb4de8b000-7ffb4de8c000 r-xp 00007000 08:05 3061                       /usr/lib/x86_64-linux-gnu/libXrandr.so.2.2.0
7ffb4de8c000-7ffb4de8d000 rwxp 00008000 08:05 3061                       /usr/lib/x86_64-linux-gnu/libXrandr.so.2.2.0
7ffb4de8d000-7ffb4de94000 r-xp 00000000 08:05 360318                     /usr/lib/jvm/java-6-sun-1.6.0.26/jre/lib/amd64/libnio.so
7ffb4de94000-7ffb4df93000 ---p 00007000 08:05 360318                     /usr/lib/jvm/java-6-sun-1.6.0.26/jre/lib/amd64/libnio.so
7ffb4df93000-7ffb4df95000 rwxp 00006000 08:05 360318                     /usr/lib/jvm/java-6-sun-1.6.0.26/jre/lib/amd64/libnio.so
7ffb4df95000-7ffb4dfa8000 r-xp 00000000 08:05 360329                     /usr/lib/jvm/java-6-sun-1.6.0.26/jre/lib/amd64/libnet.so
7ffb4dfa8000-7ffb4e0a9000 ---p 00013000 08:05 360329                     /usr/lib/jvm/java-6-sun-1.6.0.26/jre/lib/amd64/libnet.so
7ffb4e0a9000-7ffb4e0ac000 rwxp 00014000 08:05 360329                     /usr/lib/jvm/java-6-sun-1.6.0.26/jre/lib/amd64/libnet.so
7ffb4e0ac000-7ffb4e0af000 ---p 00000000 00:00 0 
7ffb4e0af000-7ffb4e1ad000 rwxp 00000000 00:00 0 
7ffb4e1ad000-7ffb4e1b2000 r-xp 00000000 08:05 26878                      /usr/lib/x86_64-linux-gnu/libXfixes.so.3.1.0
7ffb4e1b2000-7ffb4e3b1000 ---p 00005000 08:05 26878                      /usr/lib/x86_64-linux-gnu/libXfixes.so.3.1.0
7ffb4e3b1000-7ffb4e3b2000 r-xp 00004000 08:05 26878                      /usr/lib/x86_64-linux-gnu/libXfixes.so.3.1.0
7ffb4e3b2000-7ffb4e3b3000 rwxp 00005000 08:05 26878                      /usr/lib/x86_64-linux-gnu/libXfixes.so.3.1.0
7ffb4e3b3000-7ffb4f801000 r-xp 00000000 08:05 2912                       /usr/lib/nvidia-current/libnvidia-glcore.so.270.41.06
7ffb4f801000-7ffb4fa01000 ---p 0144e000 08:05 2912                       /usr/lib/nvidia-current/libnvidia-glcore.so.270.41.06
7ffb4fa01000-7ffb4ffe9000 rwxp 0144e000 08:05 2912                       /usr/lib/nvidia-current/libnvidia-glcore.so.270.41.06
7ffb4ffe9000-7ffb50000000 rwxp 00000000 00:00 0 
7ffb50000000-7ffb51007000 rwxp 00000000 00:00 0 
7ffb51007000-7ffb54000000 ---p 00000000 00:00 0 
7ffb540fc000-7ffb540ff000 ---p 00000000 00:00 0 
7ffb540ff000-7ffb541fd000 rwxp 00000000 00:00 0 
7ffb541fd000-7ffb54206000 r-xp 00000000 08:05 1093                       /usr/lib/x86_64-linux-gnu/libXrender.so.1.3.0
7ffb54206000-7ffb54406000 ---p 00009000 08:05 1093                       /usr/lib/x86_64-linux-gnu/libXrender.so.1.3.0
7ffb54406000-7ffb54407000 r-xp 00009000 08:05 1093                       /usr/lib/x86_64-linux-gnu/libXrender.so.1.3.0
7ffb54407000-7ffb54408000 rwxp 0000a000 08:05 1093                       /usr/lib/x86_64-linux-gnu/libXrender.so.1.3.0
7ffb54408000-7ffb54411000 r-xp 00000000 08:05 7133                       /usr/lib/x86_64-linux-gnu/libXcursor.so.1.0.2
7ffb54411000-7ffb54610000 ---p 00009000 08:05 7133                       /usr/lib/x86_64-linux-gnu/libXcursor.so.1.0.2
7ffb54610000-7ffb54611000 r-xp 00008000 08:05 7133                       /usr/lib/x86_64-linux-gnu/libXcursor.so.1.0.2
7ffb54611000-7ffb54612000 rwxp 00009000 08:05 7133                       /usr/lib/x86_64-linux-gnu/libXcursor.so.1.0.2
7ffb54612000-7ffb54613000 r-xs 00000000 08:08 5443                       /var/cache/fontconfig/26de28bc8622bbc1fb67fd234c21975f-le64.cache-3
7ffb54613000-7ffb54614000 r-xs 00000000 08:08 11962                      /var/cache/fontconfig/c05880de57d1f5e948fdfacc138775d9-le64.cache-3
7ffb54614000-7ffb5461d000 r-xs 00000000 08:08 5548                       /var/cache/fontconfig/945677eb7aeaf62f1d50efc3fb3ec7d8-le64.cache-3
7ffb5461d000-7ffb54621000 r-xs 00000000 08:08 11754                      /var/cache/fontconfig/99e8ed0e538f840c565b6ed5dad60d56-le64.cache-3
7ffb54621000-7ffb54624000 r-xs 00000000 08:08 11741                      /var/cache/fontconfig/e383d7ea5fbe662a33d9b44caf393297-le64.cache-3
7ffb54624000-7ffb5462b000 r-xs 00000000 08:08 11622                      /var/cache/fontconfig/401a5dd6b567794a1d18dd9342dfa604-le64.cache-3
7ffb5462b000-7ffb5462d000 r-xs 00000000 08:08 11524                      /var/cache/fontconfig/2cd17615ca594fa2959ae173292e504c-le64.cache-3
7ffb5462d000-7ffb5462e000 r-xs 00000000 08:08 10518                      /var/cache/fontconfig/e7071f4a29fa870f4323321c154eba04-le64.cache-3
7ffb5462e000-7ffb54632000 r-xs 00000000 08:08 10228                      /var/cache/fontconfig/6eb3985aa4124903f6ff08ba781cd364-le64.cache-3
7ffb54632000-7ffb54633000 r-xs 00000000 08:08 9941                       /var/cache/fontconfig/4c73fe0c47614734b17d736dbde7580a-le64.cache-3
7ffb54633000-7ffb54634000 r-xs 00000000 08:08 9818                       /var/cache/fontconfig/0d8c3b2ac0904cb8a57a757ad11a4a08-le64.cache-3
7ffb54634000-7ffb54635000 r-xs 00000000 08:08 9758                       /var/cache/fontconfig/6a53c69dea097a2d716e069445527da8-le64.cache-3
7ffb54635000-7ffb5463b000 r-xs 00000000 08:08 8426                       /var/cache/fontconfig/a755afe4a08bf5b97852ceb7400b47bc-le64.cache-3
7ffb5463b000-7ffb5463c000 r-xs 00000000 08:08 8345                       /var/cache/fontconfig/5a76b20910bc01daa5b6abd117531ab8-le64.cache-3
7ffb5463c000-7ffb54641000 r-xs 00000000 08:08 8209                       /var/cache/fontconfig/515ca1ebc4b18308bea979be5704f9db-le64.cache-3
7ffb54641000-7ffb5464a000 r-xs 00000000 08:08 8200                       /var/cache/fontconfig/6d41288fd70b0be22e8c3a91e032eec0-le64.cache-3
7ffb5464a000-7ffb54678000 r-xs 00000000 08:08 7965                       /var/cache/fontconfig/365b55f210c0a22e9a19e35191240f32-le64.cache-3
7ffb546a5000-7ffb546ad000 r-xs 00115000 08:05 360420                     /usr/lib/jvm/java-6-sun-1.6.0.26/jre/lib/resources.jar
7ffb546ad000-7ffb546ae000 r-xs 00000000 08:08 5443                       /var/cache/fontconfig/26de28bc8622bbc1fb67fd234c21975f-le64.cache-3
7ffb546ae000-7ffb546af000 r-xs 00000000 08:08 11962                      /var/cache/fontconfig/c05880de57d1f5e948fdfacc138775d9-le64.cache-3
7ffb546af000-7ffb546b8000 r-xs 00000000 08:08 5548                       /var/cache/fontconfig/945677eb7aeaf62f1d50efc3fb3ec7d8-le64.cache-3
7ffb546b8000-7ffb546bc000 r-xs 00000000 08:08 11754                      /var/cache/fontconfig/99e8ed0e538f840c565b6ed5dad60d56-le64.cache-3
7ffb546bc000-7ffb546bf000 r-xs 00000000 08:08 11741                      /var/cache/fontconfig/e383d7ea5fbe662a33d9b44caf393297-le64.cache-3
7ffb546bf000-7ffb546c6000 r-xs 00000000 08:08 11622                      /var/cache/fontconfig/401a5dd6b567794a1d18dd9342dfa604-le64.cache-3
7ffb546c6000-7ffb546c8000 r-xs 00000000 08:08 11524                      /var/cache/fontconfig/2cd17615ca594fa2959ae173292e504c-le64.cache-3
7ffb546c8000-7ffb546c9000 r-xs 00000000 08:08 10518                      /var/cache/fontconfig/e7071f4a29fa870f4323321c154eba04-le64.cache-3
7ffb546c9000-7ffb546cd000 r-xs 00000000 08:08 10228                      /var/cache/fontconfig/6eb3985aa4124903f6ff08ba781cd364-le64.cache-3
7ffb546cd000-7ffb546ce000 r-xs 00000000 08:08 9941                       /var/cache/fontconfig/4c73fe0c47614734b17d736dbde7580a-le64.cache-3
7ffb546ce000-7ffb546cf000 r-xs 00000000 08:08 9818                       /var/cache/fontconfig/0d8c3b2ac0904cb8a57a757ad11a4a08-le64.cache-3
7ffb546cf000-7ffb546d0000 r-xs 00000000 08:08 9758                       /var/cache/fontconfig/6a53c69dea097a2d716e069445527da8-le64.cache-3
7ffb546d0000-7ffb546d6000 r-xs 00000000 08:08 8426                       /var/cache/fontconfig/a755afe4a08bf5b97852ceb7400b47bc-le64.cache-3
7ffb546d6000-7ffb546d7000 r-xs 00000000 08:08 8345                       /var/cache/fontconfig/5a76b20910bc01daa5b6abd117531ab8-le64.cache-3
7ffb546d7000-7ffb546dc000 r-xs 00000000 08:08 8209                       /var/cache/fontconfig/515ca1ebc4b18308bea979be5704f9db-le64.cache-3
7ffb546dc000-7ffb546e5000 r-xs 00000000 08:08 8200                       /var/cache/fontconfig/6d41288fd70b0be22e8c3a91e032eec0-le64.cache-3
7ffb546e5000-7ffb546f5000 r-xs 00000000 08:08 8086                       /var/cache/fontconfig/0f34bcd4b6ee430af32735b75db7f02b-le64.cache-3
7ffb546f5000-7ffb546f8000 r-xs 00000000 08:08 8063                       /var/cache/fontconfig/d60319d88cac85ba9e1a07bd06cfbb8c-le64.cache-3
7ffb546f8000-7ffb546f9000 r-xs 00000000 08:08 15515                      /var/cache/fontconfig/4794a0821666d79190d59a36cb4f44b5-le64.cache-3
7ffb546f9000-7ffb54727000 r-xs 00000000 08:08 7965                       /var/cache/fontconfig/365b55f210c0a22e9a19e35191240f32-le64.cache-3
7ffb54727000-7ffb54731000 r-xs 00000000 08:08 7964                       /var/cache/fontconfig/d52a8644073d54c13679302ca1180695-le64.cache-3
7ffb54731000-7ffb54744000 r-xs 00000000 08:08 16244                      /var/cache/fontconfig/e13b20fdb08344e0e664864cc2ede53d-le64.cache-3
7ffb54744000-7ffb54748000 r-xs 00000000 08:08 2408                       /var/cache/fontconfig/7ef2298fde41cc6eeb7af42e48b7d293-le64.cache-3
7ffb54748000-7ffb5475c000 r-xs 00000000 08:08 16275                      /var/cache/fontconfig/865f88548240fee46819705c6468c165-le64.cache-3
7ffb5475c000-7ffb5475f000 ---p 00000000 00:00 0 
7ffb5475f000-7ffb5485d000 rwxp 00000000 00:00 0 
7ffb5485d000-7ffb54a5d000 rwxs 58f14000 00:05 9322                       /dev/nvidia0
7ffb54a5d000-7ffb54a61000 rwxs 9b0e2000 00:05 9322                       /dev/nvidia0
7ffb54a61000-7ffb54b61000 rwxs 03de1000 00:05 9322                       /dev/nvidia0
7ffb54b61000-7ffb54b65000 rwxs ab506000 00:05 9322                       /dev/nvidia0
7ffb54b65000-7ffb54b66000 rwxs d0002000 00:05 9322                       /dev/nvidia0
7ffb54b66000-7ffb54b67000 rwxs ab476000 00:05 9322                       /dev/nvidia0
7ffb54b67000-7ffb54b6b000 rwxs 99087000 00:05 9322                       /dev/nvidia0
7ffb54b6b000-7ffb54b6c000 rwxs fdc08000 00:05 9322                       /dev/nvidia0
7ffb54b6c000-7ffb54bac000 rwxs 99913000 00:05 9322                       /dev/nvidia0
7ffb54bcc000-7ffb54bcd000 rwxs fdc06000 00:05 9322                       /dev/nvidia0
7ffb54bcd000-7ffb54c0d000 rwxs 644da000 00:05 9322                       /dev/nvidia0
7ffb54c0d000-7ffb54c2d000 rwxs ab6a3000 00:05 9322                       /dev/nvidia0
7ffb54c2d000-7ffb54c2e000 rwxs fd641000 00:05 9322                       /dev/nvidia0
7ffb54c2e000-7ffb54ce8000 rwxp 00000000 00:00 0 
7ffb54d4d000-7ffb54d8e000 rwxp 00000000 00:00 0 
7ffb54df3000-7ffb54df4000 rwxs fd060000 00:05 9322                       /dev/nvidia0
7ffb54df4000-7ffb54e0f000 rwxs 134720000 00:05 9322                      /dev/nvidia0
7ffb54e0f000-7ffb54e88000 rwxp 00000000 00:00 0 
7ffb54e88000-7ffb54e8b000 ---p 00000000 00:00 0 
7ffb54e8b000-7ffb54f89000 rwxp 00000000 00:00 0 
7ffb54f89000-7ffb54f8c000 ---p 00000000 00:00 0 
7ffb54f8c000-7ffb5508a000 rwxp 00000000 00:00 0 
7ffb5508a000-7ffb55103000 r-xp 00000000 08:05 360344                     /usr/lib/jvm/java-6-sun-1.6.0.26/jre/lib/amd64/libfontmanager.so
7ffb55103000-7ffb55202000 ---p 00079000 08:05 360344                     /usr/lib/jvm/java-6-sun-1.6.0.26/jre/lib/amd64/libfontmanager.so
7ffb55202000-7ffb55217000 rwxp 00078000 08:05 360344                     /usr/lib/jvm/java-6-sun-1.6.0.26/jre/lib/amd64/libfontmanager.so
7ffb55217000-7ffb5525f000 rwxp 00000000 00:00 0 
7ffb5525f000-7ffb55260000 r-xp 00000000 08:05 2809                       /usr/lib/nvidia-current/tls/libnvidia-tls.so.270.41.06
7ffb55260000-7ffb55460000 ---p 00001000 08:05 2809                       /usr/lib/nvidia-current/tls/libnvidia-tls.so.270.41.06
7ffb55460000-7ffb55461000 rwxp 00001000 08:05 2809                       /usr/lib/nvidia-current/tls/libnvidia-tls.so.270.41.06
7ffb55461000-7ffb5551e000 r-xp 00000000 08:05 2869                       /usr/lib/nvidia-current/libGL.so.270.41.06
7ffb5551e000-7ffb5571e000 ---p 000bd000 08:05 2869                       /usr/lib/nvidia-current/libGL.so.270.41.06
7ffb5571e000-7ffb55757000 rwxp 000bd000 08:05 2869                       /usr/lib/nvidia-current/libGL.so.270.41.06
7ffb55757000-7ffb5576d000 rwxp 00000000 00:00 0 
7ffb5576d000-7ffb5576e000 rwxs 137141000 00:05 9322                      /dev/nvidia0
7ffb5576e000-7ffb5577e000 r-xs 00000000 08:08 8086                       /var/cache/fontconfig/0f34bcd4b6ee430af32735b75db7f02b-le64.cache-3
7ffb5577e000-7ffb55781000 r-xs 00000000 08:08 8063                       /var/cache/fontconfig/d60319d88cac85ba9e1a07bd06cfbb8c-le64.cache-3
7ffb55781000-7ffb5578b000 r-xs 00000000 08:08 7964                       /var/cache/fontconfig/d52a8644073d54c13679302ca1180695-le64.cache-3
7ffb5578b000-7ffb5579e000 r-xs 00000000 08:08 16244                      /var/cache/fontconfig/e13b20fdb08344e0e664864cc2ede53d-le64.cache-3
7ffb5579e000-7ffb557a3000 r-xp 00000000 08:05 117950                     /usr/lib/x86_64-linux-gnu/libXdmcp.so.6.0.0
7ffb557a3000-7ffb559a2000 ---p 00005000 08:05 117950                     /usr/lib/x86_64-linux-gnu/libXdmcp.so.6.0.0
7ffb559a2000-7ffb559a3000 r-xp 00004000 08:05 117950                     /usr/lib/x86_64-linux-gnu/libXdmcp.so.6.0.0
7ffb559a3000-7ffb559a4000 rwxp 00005000 08:05 117950                     /usr/lib/x86_64-linux-gnu/libXdmcp.so.6.0.0
7ffb559a4000-7ffb559a6000 r-xp 00000000 08:05 80494                      /usr/lib/x86_64-linux-gnu/libXau.so.6.0.0
7ffb559a6000-7ffb55ba5000 ---p 00002000 08:05 80494                      /usr/lib/x86_64-linux-gnu/libXau.so.6.0.0
7ffb55ba5000-7ffb55ba6000 r-xp 00001000 08:05 80494                      /usr/lib/x86_64-linux-gnu/libXau.so.6.0.0
7ffb55ba6000-7ffb55ba7000 rwxp 00002000 08:05 80494                      /usr/lib/x86_64-linux-gnu/libXau.so.6.0.0
7ffb55ba7000-7ffb55bc2000 r-xp 00000000 08:05 118025                     /usr/lib/x86_64-linux-gnu/libxcb.so.1.1.0
7ffb55bc2000-7ffb55dc1000 ---p 0001b000 08:05 118025                     /usr/lib/x86_64-linux-gnu/libxcb.so.1.1.0
7ffb55dc1000-7ffb55dc2000 r-xp 0001a000 08:05 118025                     /usr/lib/x86_64-linux-gnu/libxcb.so.1.1.0
7ffb55dc2000-7ffb55dc3000 rwxp 0001b000 08:05 118025                     /usr/lib/x86_64-linux-gnu/libxcb.so.1.1.0
7ffb55dc3000-7ffb55dd2000 r-xp 00000000 08:05 33272                      /usr/lib/x86_64-linux-gnu/libXi.so.6.1.0
7ffb55dd2000-7ffb55fd1000 ---p 0000f000 08:05 33272                      /usr/lib/x86_64-linux-gnu/libXi.so.6.1.0
7ffb55fd1000-7ffb55fd2000 r-xp 0000e000 08:05 33272                      /usr/lib/x86_64-linux-gnu/libXi.so.6.1.0
7ffb55fd2000-7ffb55fd3000 rwxp 0000f000 08:05 33272                      /usr/lib/x86_64-linux-gnu/libXi.so.6.1.0
7ffb55fd3000-7ffb55fd8000 r-xp 00000000 08:05 33963                      /usr/lib/libXtst.so.6.1.0
7ffb55fd8000-7ffb561d7000 ---p 00005000 08:05 33963                      /usr/lib/libXtst.so.6.1.0
7ffb561d7000-7ffb561d8000 r-xp 00004000 08:05 33963                      /usr/lib/libXtst.so.6.1.0
7ffb561d8000-7ffb561d9000 rwxp 00005000 08:05 33963                      /usr/lib/libXtst.so.6.1.0
7ffb561d9000-7ffb5630e000 r-xp 00000000 08:05 33717                      /usr/lib/x86_64-linux-gnu/libX11.so.6.3.0
7ffb5630e000-7ffb5650e000 ---p 00135000 08:05 33717                      /usr/lib/x86_64-linux-gnu/libX11.so.6.3.0
7ffb5650e000-7ffb5650f000 r-xp 00135000 08:05 33717                      /usr/lib/x86_64-linux-gnu/libX11.so.6.3.0
7ffb5650f000-7ffb56513000 rwxp 00136000 08:05 33717                      /usr/lib/x86_64-linux-gnu/libX11.so.6.3.0
7ffb56513000-7ffb56524000 r-xp 00000000 08:05 20360                      /usr/lib/x86_64-linux-gnu/libXext.so.6.4.0
7ffb56524000-7ffb56723000 ---p 00011000 08:05 20360                      /usr/lib/x86_64-linux-gnu/libXext.so.6.4.0
7ffb56723000-7ffb56724000 r-xp 00010000 08:05 20360                      /usr/lib/x86_64-linux-gnu/libXext.so.6.4.0
7ffb56724000-7ffb56725000 rwxp 00011000 08:05 20360                      /usr/lib/x86_64-linux-gnu/libXext.so.6.4.0
7ffb56725000-7ffb56726000 rwxs 58f8a000 00:05 9322                       /dev/nvidia0
7ffb56726000-7ffb56727000 r-xs 00000000 08:08 15515                      /var/cache/fontconfig/4794a0821666d79190d59a36cb4f44b5-le64.cache-3
7ffb56727000-7ffb5672b000 r-xs 00000000 08:08 2408                       /var/cache/fontconfig/7ef2298fde41cc6eeb7af42e48b7d293-le64.cache-3
7ffb5672b000-7ffb56756000 r-xp 00000000 08:05 48261                      /usr/share/locale-langpack/ru/LC_MESSAGES/libc.mo
7ffb56756000-7ffb56798000 r-xp 00000000 08:05 360333                     /usr/lib/jvm/java-6-sun-1.6.0.26/jre/lib/amd64/xawt/libmawt.so
7ffb56798000-7ffb56897000 ---p 00042000 08:05 360333                     /usr/lib/jvm/java-6-sun-1.6.0.26/jre/lib/amd64/xawt/libmawt.so
7ffb56897000-7ffb568a3000 rwxp 00041000 08:05 360333                     /usr/lib/jvm/java-6-sun-1.6.0.26/jre/lib/amd64/xawt/libmawt.so
7ffb568a3000-7ffb568a4000 rwxp 00000000 00:00 0 
7ffb568a4000-7ffb56936000 r-xp 00000000 08:05 360355                     /usr/lib/jvm/java-6-sun-1.6.0.26/jre/lib/amd64/libawt.so
7ffb56936000-7ffb56a35000 ---p 00092000 08:05 360355                     /usr/lib/jvm/java-6-sun-1.6.0.26/jre/lib/amd64/libawt.so
7ffb56a35000-7ffb56a4f000 rwxp 00091000 08:05 360355                     /usr/lib/jvm/java-6-sun-1.6.0.26/jre/lib/amd64/libawt.so
7ffb56a4f000-7ffb56a73000 rwxp 00000000 00:00 0 
7ffb56a73000-7ffb56a74000 ---p 00000000 00:00 0 
7ffb56a74000-7ffb56b74000 rwxp 00000000 00:00 0 
7ffb56b74000-7ffb56b77000 ---p 00000000 00:00 0 
7ffb56b77000-7ffb56c75000 rwxp 00000000 00:00 0 
7ffb56c75000-7ffb56c78000 ---p 00000000 00:00 0 
7ffb56c78000-7ffb56d76000 rwxp 00000000 00:00 0 
7ffb56d76000-7ffb56d79000 ---p 00000000 00:00 0 
7ffb56d79000-7ffb56e77000 rwxp 00000000 00:00 0 
7ffb56e77000-7ffb56e7a000 ---p 00000000 00:00 0 
7ffb56e7a000-7ffb56f78000 rwxp 00000000 00:00 0 
7ffb56f78000-7ffb56f7b000 ---p 00000000 00:00 0 
7ffb56f7b000-7ffb57079000 rwxp 00000000 00:00 0 
7ffb57079000-7ffb5707c000 ---p 00000000 00:00 0 
7ffb5707c000-7ffb5717a000 rwxp 00000000 00:00 0 
7ffb5717a000-7ffb5717d000 r-xp 00000000 08:05 360316                     /usr/lib/jvm/java-6-sun-1.6.0.26/jre/lib/amd64/libdt_socket.so
7ffb5717d000-7ffb5727c000 ---p 00003000 08:05 360316                     /usr/lib/jvm/java-6-sun-1.6.0.26/jre/lib/amd64/libdt_socket.so
7ffb5727c000-7ffb5727e000 rwxp 00002000 08:05 360316                     /usr/lib/jvm/java-6-sun-1.6.0.26/jre/lib/amd64/libdt_socket.so
7ffb5727e000-7ffb57281000 ---p 00000000 00:00 0 
7ffb57281000-7ffb5737f000 rwxp 00000000 00:00 0 
7ffb5737f000-7ffb57382000 ---p 00000000 00:00 0 
7ffb57382000-7ffb57480000 rwxp 00000000 00:00 0 
7ffb57480000-7ffb57483000 ---p 00000000 00:00 0 
7ffb57483000-7ffb57581000 rwxp 00000000 00:00 0 
7ffb57581000-7ffb57582000 ---p 00000000 00:00 0 
7ffb57582000-7ffb579b9000 rwxp 00000000 00:00 0 
7ffb579b9000-7ffb57b51000 r-xs 03029000 08:05 360423                     /usr/lib/jvm/java-6-sun-1.6.0.26/jre/lib/rt.jar
7ffb57b51000-7ffb57b79000 rwxp 00000000 00:00 0 
7ffb57b79000-7ffb57b7a000 ---p 00000000 00:00 0 
7ffb57b7a000-7ffb57c7a000 rwxp 00000000 00:00 0 
7ffb57c7a000-7ffb57c7b000 ---p 00000000 00:00 0 
7ffb57c7b000-7ffb57d86000 rwxp 00000000 00:00 0 
7ffb57d86000-7ffb57da4000 rwxp 00000000 00:00 0 
7ffb57da4000-7ffb57daf000 rwxp 00000000 00:00 0 
7ffb57daf000-7ffb57dcd000 rwxp 00000000 00:00 0 
7ffb57dcd000-7ffb57e10000 rwxp 00000000 00:00 0 
7ffb57e10000-7ffb57e73000 rwxp 00000000 00:00 0 
7ffb57e73000-7ffb57e95000 rwxp 00000000 00:00 0 
7ffb57e95000-7ffb57ec7000 rwxp 00000000 00:00 0 
7ffb57ec7000-7ffb57ed2000 rwxp 00000000 00:00 0 
7ffb57ed2000-7ffb57f88000 rwxp 00000000 00:00 0 
7ffb57f88000-7ffb581f8000 rwxp 00000000 00:00 0 
7ffb581f8000-7ffb5af88000 rwxp 00000000 00:00 0 
7ffb5af88000-7ffb5af96000 r-xp 00000000 08:05 360350                     /usr/lib/jvm/java-6-sun-1.6.0.26/jre/lib/amd64/libzip.so
7ffb5af96000-7ffb5b098000 ---p 0000e000 08:05 360350                     /usr/lib/jvm/java-6-sun-1.6.0.26/jre/lib/amd64/libzip.so
7ffb5b098000-7ffb5b09b000 rwxp 00010000 08:05 360350                     /usr/lib/jvm/java-6-sun-1.6.0.26/jre/lib/amd64/libzip.so
7ffb5b09b000-7ffb5b09c000 rwxp 00000000 00:00 0 
7ffb5b09c000-7ffb5b0a8000 r-xp 00000000 08:03 10563                      /lib/x86_64-linux-gnu/libnss_files-2.13.so
7ffb5b0a8000-7ffb5b2a7000 ---p 0000c000 08:03 10563                      /lib/x86_64-linux-gnu/libnss_files-2.13.so
7ffb5b2a7000-7ffb5b2a8000 r-xp 0000b000 08:03 10563                      /lib/x86_64-linux-gnu/libnss_files-2.13.so
7ffb5b2a8000-7ffb5b2a9000 rwxp 0000c000 08:03 10563                      /lib/x86_64-linux-gnu/libnss_files-2.13.so
7ffb5b2a9000-7ffb5b2b4000 r-xp 00000000 08:03 10565                      /lib/x86_64-linux-gnu/libnss_nis-2.13.so
7ffb5b2b4000-7ffb5b4b3000 ---p 0000b000 08:03 10565                      /lib/x86_64-linux-gnu/libnss_nis-2.13.so
7ffb5b4b3000-7ffb5b4b4000 r-xp 0000a000 08:03 10565                      /lib/x86_64-linux-gnu/libnss_nis-2.13.so
7ffb5b4b4000-7ffb5b4b5000 rwxp 0000b000 08:03 10565                      /lib/x86_64-linux-gnu/libnss_nis-2.13.so
7ffb5b4b5000-7ffb5b4bd000 r-xp 00000000 08:03 10561                      /lib/x86_64-linux-gnu/libnss_compat-2.13.so
7ffb5b4bd000-7ffb5b6bc000 ---p 00008000 08:03 10561                      /lib/x86_64-linux-gnu/libnss_compat-2.13.so
7ffb5b6bc000-7ffb5b6bd000 r-xp 00007000 08:03 10561                      /lib/x86_64-linux-gnu/libnss_compat-2.13.so
7ffb5b6bd000-7ffb5b6be000 rwxp 00008000 08:03 10561                      /lib/x86_64-linux-gnu/libnss_compat-2.13.so
7ffb5b6be000-7ffb5bbde000 r-xp 00000000 08:05 145                        /usr/lib/locale/locale-archive
7ffb5bbde000-7ffb5bbe1000 r-xp 00000000 08:05 360339                     /usr/lib/jvm/java-6-sun-1.6.0.26/jre/lib/amd64/libnpt.so
7ffb5bbe1000-7ffb5bce0000 ---p 00003000 08:05 360339                     /usr/lib/jvm/java-6-sun-1.6.0.26/jre/lib/amd64/libnpt.so
7ffb5bce0000-7ffb5bce1000 rwxp 00002000 08:05 360339                     /usr/lib/jvm/java-6-sun-1.6.0.26/jre/lib/amd64/libnpt.so
7ffb5bce1000-7ffb5bd17000 r-xp 00000000 08:05 360338                     /usr/lib/jvm/java-6-sun-1.6.0.26/jre/lib/amd64/libjdwp.so
7ffb5bd17000-7ffb5be16000 ---p 00036000 08:05 360338                     /usr/lib/jvm/java-6-sun-1.6.0.26/jre/lib/amd64/libjdwp.so
7ffb5be16000-7ffb5be20000 rwxp 00035000 08:05 360338                     /usr/lib/jvm/java-6-sun-1.6.0.26/jre/lib/amd64/libjdwp.so
7ffb5be20000-7ffb5be37000 r-xp 00000000 08:03 10560                      /lib/x86_64-linux-gnu/libnsl-2.13.so
7ffb5be37000-7ffb5c036000 ---p 00017000 08:03 10560                      /lib/x86_64-linux-gnu/libnsl-2.13.so
7ffb5c036000-7ffb5c037000 r-xp 00016000 08:03 10560                      /lib/x86_64-linux-gnu/libnsl-2.13.so
7ffb5c037000-7ffb5c038000 rwxp 00017000 08:03 10560                      /lib/x86_64-linux-gnu/libnsl-2.13.so
7ffb5c038000-7ffb5c03a000 rwxp 00000000 00:00 0 
7ffb5c03a000-7ffb5c063000 r-xp 00000000 08:05 360349                     /usr/lib/jvm/java-6-sun-1.6.0.26/jre/lib/amd64/libjava.so
7ffb5c063000-7ffb5c162000 ---p 00029000 08:05 360349                     /usr/lib/jvm/java-6-sun-1.6.0.26/jre/lib/amd64/libjava.so
7ffb5c162000-7ffb5c169000 rwxp 00028000 08:05 360349                     /usr/lib/jvm/java-6-sun-1.6.0.26/jre/lib/amd64/libjava.so
7ffb5c169000-7ffb5c176000 r-xp 00000000 08:05 360328                     /usr/lib/jvm/java-6-sun-1.6.0.26/jre/lib/amd64/libverify.so
7ffb5c176000-7ffb5c275000 ---p 0000d000 08:05 360328                     /usr/lib/jvm/java-6-sun-1.6.0.26/jre/lib/amd64/libverify.so
7ffb5c275000-7ffb5c278000 rwxp 0000c000 08:05 360328                     /usr/lib/jvm/java-6-sun-1.6.0.26/jre/lib/amd64/libverify.so
7ffb5c278000-7ffb5c27f000 r-xp 00000000 08:03 10570                      /lib/x86_64-linux-gnu/librt-2.13.so
7ffb5c27f000-7ffb5c47e000 ---p 00007000 08:03 10570                      /lib/x86_64-linux-gnu/librt-2.13.so
7ffb5c47e000-7ffb5c47f000 r-xp 00006000 08:03 10570                      /lib/x86_64-linux-gnu/librt-2.13.so
7ffb5c47f000-7ffb5c480000 rwxp 00007000 08:03 10570                      /lib/x86_64-linux-gnu/librt-2.13.so
7ffb5c480000-7ffb5c483000 ---p 00000000 00:00 0 
7ffb5c483000-7ffb5c581000 rwxp 00000000 00:00 0 
7ffb5c581000-7ffb5c605000 r-xp 00000000 08:03 10558                      /lib/x86_64-linux-gnu/libm-2.13.so
7ffb5c605000-7ffb5c804000 ---p 00084000 08:03 10558                      /lib/x86_64-linux-gnu/libm-2.13.so
7ffb5c804000-7ffb5c805000 r-xp 00083000 08:03 10558                      /lib/x86_64-linux-gnu/libm-2.13.so
7ffb5c805000-7ffb5c806000 rwxp 00084000 08:03 10558                      /lib/x86_64-linux-gnu/libm-2.13.so
7ffb5c806000-7ffb5d120000 r-xp 00000000 08:05 360352                     /usr/lib/jvm/java-6-sun-1.6.0.26/jre/lib/amd64/server/libjvm.so
7ffb5d120000-7ffb5d222000 ---p 0091a000 08:05 360352                     /usr/lib/jvm/java-6-sun-1.6.0.26/jre/lib/amd64/server/libjvm.so
7ffb5d222000-7ffb5d3d7000 rwxp 0091c000 08:05 360352                     /usr/lib/jvm/java-6-sun-1.6.0.26/jre/lib/amd64/server/libjvm.so
7ffb5d3d7000-7ffb5d411000 rwxp 00000000 00:00 0 
7ffb5d411000-7ffb5d59b000 r-xp 00000000 08:03 7822                       /lib/x86_64-linux-gnu/libc-2.13.so
7ffb5d59b000-7ffb5d79a000 ---p 0018a000 08:03 7822                       /lib/x86_64-linux-gnu/libc-2.13.so
7ffb5d79a000-7ffb5d79e000 r-xp 00189000 08:03 7822                       /lib/x86_64-linux-gnu/libc-2.13.so
7ffb5d79e000-7ffb5d79f000 rwxp 0018d000 08:03 7822                       /lib/x86_64-linux-gnu/libc-2.13.so
7ffb5d79f000-7ffb5d7a5000 rwxp 00000000 00:00 0 
7ffb5d7a5000-7ffb5d7a7000 r-xp 00000000 08:03 10557                      /lib/x86_64-linux-gnu/libdl-2.13.so
7ffb5d7a7000-7ffb5d9a7000 ---p 00002000 08:03 10557                      /lib/x86_64-linux-gnu/libdl-2.13.so
7ffb5d9a7000-7ffb5d9a8000 r-xp 00002000 08:03 10557                      /lib/x86_64-linux-gnu/libdl-2.13.so
7ffb5d9a8000-7ffb5d9a9000 rwxp 00003000 08:03 10557                      /lib/x86_64-linux-gnu/libdl-2.13.so
7ffb5d9a9000-7ffb5d9c1000 r-xp 00000000 08:03 10568                      /lib/x86_64-linux-gnu/libpthread-2.13.so
7ffb5d9c1000-7ffb5dbc1000 ---p 00018000 08:03 10568                      /lib/x86_64-linux-gnu/libpthread-2.13.so
7ffb5dbc1000-7ffb5dbc2000 r-xp 00018000 08:03 10568                      /lib/x86_64-linux-gnu/libpthread-2.13.so
7ffb5dbc2000-7ffb5dbc3000 rwxp 00019000 08:03 10568                      /lib/x86_64-linux-gnu/libpthread-2.13.so
7ffb5dbc3000-7ffb5dbc7000 rwxp 00000000 00:00 0 
7ffb5dbc7000-7ffb5dbe8000 r-xp 00000000 08:03 7332                       /lib/x86_64-linux-gnu/ld-2.13.so
7ffb5dbe8000-7ffb5dbfc000 r-xs 00000000 08:08 16275                      /var/cache/fontconfig/865f88548240fee46819705c6468c165-le64.cache-3
7ffb5dbfc000-7ffb5dbfd000 r-xp 00000000 08:05 79041                      /usr/share/locale-langpack/uk/LC_MESSAGES/libc.mo
7ffb5dbfd000-7ffb5dbff000 r-xs 0000d000 08:0b 735327                     /home/atom/workspace/jPogiEngine/jars/commons-logging-1.1.1.jar
7ffb5dbff000-7ffb5dc42000 rwxp 00000000 00:00 0 
7ffb5dc42000-7ffb5dca6000 rwxp 00000000 00:00 0 
7ffb5dca6000-7ffb5dca9000 rwxp 00000000 00:00 0 
7ffb5dca9000-7ffb5dcb0000 r-xp 00000000 08:05 360325                     /usr/lib/jvm/java-6-sun-1.6.0.26/jre/lib/amd64/jli/libjli.so
7ffb5dcb0000-7ffb5ddb1000 ---p 00007000 08:05 360325                     /usr/lib/jvm/java-6-sun-1.6.0.26/jre/lib/amd64/jli/libjli.so
7ffb5ddb1000-7ffb5ddb3000 rwxp 00008000 08:05 360325                     /usr/lib/jvm/java-6-sun-1.6.0.26/jre/lib/amd64/jli/libjli.so
7ffb5ddb3000-7ffb5ddb4000 rwxp 00000000 00:00 0 
7ffb5ddb4000-7ffb5ddb9000 r-xs 00041000 08:0b 732481                     /home/atom/workspace/jPogiEngine/jars/commons-lang-2.6.jar
7ffb5ddb9000-7ffb5ddc0000 r-xs 0004f000 08:0b 732434                     /home/atom/workspace/jPogiEngine/jars/commons-configuration-1.7.jar
7ffb5ddc0000-7ffb5ddc6000 r-xs 00048000 08:0b 732011                     /home/atom/workspace/jPogiEngine/jars/commons-lang3-3.1.jar
7ffb5ddc6000-7ffb5ddd3000 r-xs 0007c000 08:0b 743649                     /home/atom/workspace/jPogiEngine/jars/commons-collections-3.1.jar
7ffb5ddd3000-7ffb5ddd9000 r-xs 00075000 08:0b 138909                     /home/atom/workspace/jPogiEngine/jars/postgresql-9.0-801.jdbc3.jar
7ffb5ddd9000-7ffb5dddb000 r-xs 00014000 08:0b 138641                     /home/atom/workspace/jPogiEngine/jars/postgis_1.5.3.jar
7ffb5dddb000-7ffb5dde3000 rwxs 00000000 08:0a 1092                       /tmp/hsperfdata_atom/2246
7ffb5dde3000-7ffb5dde4000 rwxp 00000000 00:00 0 
7ffb5dde4000-7ffb5dde5000 r-xp 00000000 00:00 0 
7ffb5dde5000-7ffb5dde7000 rwxp 00000000 00:00 0 
7ffb5dde7000-7ffb5dde8000 r-xp 00020000 08:03 7332                       /lib/x86_64-linux-gnu/ld-2.13.so
7ffb5dde8000-7ffb5ddea000 rwxp 00021000 08:03 7332                       /lib/x86_64-linux-gnu/ld-2.13.so
7fff6c36a000-7fff6c38b000 rwxp 00000000 00:00 0                          [stack]
7fff6c3ff000-7fff6c400000 r-xp 00000000 00:00 0                          [vdso]
ffffffffff600000-ffffffffff601000 r-xp 00000000 00:00 0                  [vsyscall]

VM Arguments:
jvm_args: -agentlib:jdwp=transport=dt_socket,suspend=y,address=localhost:57187 -Dswing.defaultlaf=com.sun.java.swing.plaf.nimbus.NimbusLookAndFeel -Dsun.java2d.opengl=True -Dsun.java2d.opengl.fbobject=false -Dsun.java2d.pmoffscreen=false -Xms200m -Xmx500m -Dfile.encoding=UTF-8 
java_command: net.ifno.com.ua.SimplePogiTest
Launcher Type: SUN_STANDARD

Environment Variables:
JAVA_HOME=/usr/lib/jvm/java-6-sun
PATH=/usr/local/sbin:/usr/local/bin:/usr/sbin:/usr/bin:/sbin:/bin:/usr/games
USERNAME=atom
LD_LIBRARY_PATH=/usr/lib/jvm/java-6-sun-1.6.0.26/jre/lib/amd64/server:/usr/lib/jvm/java-6-sun-1.6.0.26/jre/lib/amd64:/usr/lib/jvm/java-6-sun-1.6.0.26/jre/../lib/amd64:/opt/java/64/jdk1.6.0_29/jre/lib/amd64/server:/opt/java/64/jdk1.6.0_29/jre/lib/amd64:/opt/java/64/jdk1.6.0_29/jre/../lib/amd64
SHELL=/bin/bash
DISPLAY=:0

Signal Handlers:
SIGSEGV: [libjvm.so+0x85f800], sa_mask[0]=0x7ffbfeff, sa_flags=0x10000004
SIGBUS: [libjvm.so+0x85f800], sa_mask[0]=0x7ffbfeff, sa_flags=0x10000004
SIGFPE: [libjvm.so+0x70e300], sa_mask[0]=0x7ffbfeff, sa_flags=0x10000004
SIGPIPE: [libjvm.so+0x70e300], sa_mask[0]=0x7ffbfeff, sa_flags=0x10000004
SIGXFSZ: [libjvm.so+0x70e300], sa_mask[0]=0x7ffbfeff, sa_flags=0x10000004
SIGILL: [libjvm.so+0x70e300], sa_mask[0]=0x7ffbfeff, sa_flags=0x10000004
SIGUSR1: SIG_DFL, sa_mask[0]=0x00000000, sa_flags=0x00000000
SIGUSR2: [libjvm.so+0x711110], sa_mask[0]=0x00000004, sa_flags=0x10000004
SIGHUP: [libjvm.so+0x710d10], sa_mask[0]=0x7ffbfeff, sa_flags=0x10000004
SIGINT: [libjvm.so+0x710d10], sa_mask[0]=0x7ffbfeff, sa_flags=0x10000004
SIGTERM: [libjvm.so+0x710d10], sa_mask[0]=0x7ffbfeff, sa_flags=0x10000004
SIGQUIT: [libjvm.so+0x710d10], sa_mask[0]=0x7ffbfeff, sa_flags=0x10000004


---------------  S Y S T E M  ---------------

OS:squeeze/sid

uname:Linux 2.6.38-13-generic #53-Ubuntu SMP Mon Nov 28 19:33:45 UTC 2011 x86_64
libc:glibc 2.13 NPTL 2.13 
rlimit: STACK 8192k, CORE 0k, NPROC infinity, NOFILE 4096, AS infinity
load average:0,12 0,07 0,06

/proc/meminfo:
MemTotal:        4058752 kB
MemFree:          817112 kB
Buffers:           85024 kB
Cached:          1106548 kB
SwapCached:         7628 kB
Active:          1652156 kB
Inactive:        1307372 kB
Active(anon):    1084860 kB
Inactive(anon):   696628 kB
Active(file):     567296 kB
Inactive(file):   610744 kB
Unevictable:           0 kB
Mlocked:               0 kB
SwapTotal:       8224764 kB
SwapFree:        8010572 kB
Dirty:               812 kB
Writeback:             0 kB
AnonPages:       1761272 kB
Mapped:           147512 kB
Shmem:             13532 kB
Slab:              72688 kB
SReclaimable:      48068 kB
SUnreclaim:        24620 kB
KernelStack:        3408 kB
PageTables:        29368 kB
NFS_Unstable:          0 kB
Bounce:                0 kB
WritebackTmp:          0 kB
CommitLimit:    10254140 kB
Committed_AS:    3713168 kB
VmallocTotal:   34359738367 kB
VmallocUsed:      366344 kB
VmallocChunk:   34359367676 kB
HardwareCorrupted:     0 kB
HugePages_Total:       0
HugePages_Free:        0
HugePages_Rsvd:        0
HugePages_Surp:        0
Hugepagesize:       2048 kB
DirectMap4k:     3894912 kB
DirectMap2M:      299008 kB


CPU:total 2 (2 cores per cpu, 1 threads per core) family 6 model 23 stepping 10, cmov, cx8, fxsr, mmx, sse, sse2, sse3, ssse3, sse4.1

/proc/cpuinfo:
processor	: 0
vendor_id	: GenuineIntel
cpu family	: 6
model		: 23
model name	: Intel(R) Core(TM)2 Duo CPU     E7500  @ 2.93GHz
stepping	: 10
cpu MHz		: 1603.000
cache size	: 3072 KB
physical id	: 0
siblings	: 2
core id		: 0
cpu cores	: 2
apicid		: 0
initial apicid	: 0
fpu		: yes
fpu_exception	: yes
cpuid level	: 13
wp		: yes
flags		: fpu vme de pse tsc msr pae mce cx8 apic sep mtrr pge mca cmov pat pse36 clflush dts acpi mmx fxsr sse sse2 ss ht tm pbe syscall nx lm constant_tsc arch_perfmon pebs bts rep_good nopl aperfmperf pni dtes64 monitor ds_cpl vmx est tm2 ssse3 cx16 xtpr pdcm sse4_1 xsave lahf_lm dts tpr_shadow vnmi flexpriority
bogomips	: 5866.66
clflush size	: 64
cache_alignment	: 64
address sizes	: 36 bits physical, 48 bits virtual
power management:

processor	: 1
vendor_id	: GenuineIntel
cpu family	: 6
model		: 23
model name	: Intel(R) Core(TM)2 Duo CPU     E7500  @ 2.93GHz
stepping	: 10
cpu MHz		: 2403.000
cache size	: 3072 KB
physical id	: 0
siblings	: 2
core id		: 1
cpu cores	: 2
apicid		: 1
initial apicid	: 1
fpu		: yes
fpu_exception	: yes
cpuid level	: 13
wp		: yes
flags		: fpu vme de pse tsc msr pae mce cx8 apic sep mtrr pge mca cmov pat pse36 clflush dts acpi mmx fxsr sse sse2 ss ht tm pbe syscall nx lm constant_tsc arch_perfmon pebs bts rep_good nopl aperfmperf pni dtes64 monitor ds_cpl vmx est tm2 ssse3 cx16 xtpr pdcm sse4_1 xsave lahf_lm dts tpr_shadow vnmi flexpriority
bogomips	: 5866.57
clflush size	: 64
cache_alignment	: 64
address sizes	: 36 bits physical, 48 bits virtual
power management:



Memory: 4k page, physical 4058752k(817112k free), swap 8224764k(8010572k free)

vm_info: Java HotSpot(TM) 64-Bit Server VM (20.1-b02) for linux-amd64 JRE (1.6.0_26-b03), built on May  4 2011 01:13:47 by "java_re" with gcc 3.2.2 (SuSE Linux)

time: Mon Jan 16 16:38:24 2012
elapsed time: 43 seconds

